This file contains any messages produced by compilers while
running configure, to aid debugging if configure makes a mistake.

It was created by guacamole-server configure 1.5.5, which was
generated by GNU Autoconf 2.72.  Invocation command line was

  $ ./configure

## --------- ##
## Platform. ##
## --------- ##

hostname = ip-172-31-23-89
uname -m = x86_64
uname -r = 6.5.0-1016-aws
uname -s = Linux
uname -v = #16~22.04.1-Ubuntu SMP Wed Mar 13 18:54:49 UTC 2024

/usr/bin/uname -p = x86_64
/bin/uname -X     = unknown

/bin/arch              = x86_64
/usr/bin/arch -k       = unknown
/usr/convex/getsysinfo = unknown
/usr/bin/hostinfo      = unknown
/bin/machine           = unknown
/usr/bin/oslevel       = unknown
/bin/universe          = unknown

PATH: /usr/local/sbin/
PATH: /usr/local/bin/
PATH: /usr/sbin/
PATH: /usr/bin/
PATH: /sbin/
PATH: /bin/
PATH: /usr/games/
PATH: /usr/local/games/
PATH: /snap/bin/


## ----------- ##
## Core tests. ##
## ----------- ##

configure:2798: looking for aux files: tap-driver.sh compile config.guess config.sub ltmain.sh missing install-sh
configure:2811:  trying ./build-aux/
configure:2840:   ./build-aux/tap-driver.sh found
configure:2840:   ./build-aux/compile found
configure:2840:   ./build-aux/config.guess found
configure:2840:   ./build-aux/config.sub found
configure:2840:   ./build-aux/ltmain.sh found
configure:2840:   ./build-aux/missing found
configure:2822:   ./build-aux/install-sh found
configure:2971: checking for a BSD-compatible install
configure:3045: result: /usr/bin/install -c
configure:3056: checking whether build environment is sane
configure:3111: result: yes
configure:3272: checking for a race-free mkdir -p
configure:3315: result: /usr/bin/mkdir -p
configure:3322: checking for gawk
configure:3343: found /usr/bin/gawk
configure:3355: result: gawk
configure:3366: checking whether make sets $(MAKE)
configure:3390: result: yes
configure:3420: checking whether make supports nested variables
configure:3439: result: yes
configure:3587: checking whether make supports nested variables
configure:3606: result: yes
configure:3651: checking build system type
configure:3667: result: x86_64-pc-linux-gnu
configure:3687: checking host system type
configure:3702: result: x86_64-pc-linux-gnu
configure:3743: checking how to print strings
configure:3770: result: printf
configure:3804: checking whether make supports the include directive
configure:3819: make -f confmf.GNU && cat confinc.out
this is the am__doit target
configure:3822: $? = 0
configure:3841: result: yes (GNU style)
configure:3918: checking for gcc
configure:3939: found /usr/bin/gcc
configure:3951: result: gcc
configure:4310: checking for C compiler version
configure:4319: gcc --version >&5
gcc (Ubuntu 11.4.0-1ubuntu1~22.04) 11.4.0
Copyright (C) 2021 Free Software Foundation, Inc.
This is free software; see the source for copying conditions.  There is NO
warranty; not even for MERCHANTABILITY or FITNESS FOR A PARTICULAR PURPOSE.

configure:4330: $? = 0
configure:4319: gcc -v >&5
Using built-in specs.
COLLECT_GCC=gcc
COLLECT_LTO_WRAPPER=/usr/lib/gcc/x86_64-linux-gnu/11/lto-wrapper
OFFLOAD_TARGET_NAMES=nvptx-none:amdgcn-amdhsa
OFFLOAD_TARGET_DEFAULT=1
Target: x86_64-linux-gnu
Configured with: ../src/configure -v --with-pkgversion='Ubuntu 11.4.0-1ubuntu1~22.04' --with-bugurl=file:///usr/share/doc/gcc-11/README.Bugs --enable-languages=c,ada,c++,go,brig,d,fortran,objc,obj-c++,m2 --prefix=/usr --with-gcc-major-version-only --program-suffix=-11 --program-prefix=x86_64-linux-gnu- --enable-shared --enable-linker-build-id --libexecdir=/usr/lib --without-included-gettext --enable-threads=posix --libdir=/usr/lib --enable-nls --enable-bootstrap --enable-clocale=gnu --enable-libstdcxx-debug --enable-libstdcxx-time=yes --with-default-libstdcxx-abi=new --enable-gnu-unique-object --disable-vtable-verify --enable-plugin --enable-default-pie --with-system-zlib --enable-libphobos-checking=release --with-target-system-zlib=auto --enable-objc-gc=auto --enable-multiarch --disable-werror --enable-cet --with-arch-32=i686 --with-abi=m64 --with-multilib-list=m32,m64,mx32 --enable-multilib --with-tune=generic --enable-offload-targets=nvptx-none=/build/gcc-11-XeT9lY/gcc-11-11.4.0/debian/tmp-nvptx/usr,amdgcn-amdhsa=/build/gcc-11-XeT9lY/gcc-11-11.4.0/debian/tmp-gcn/usr --without-cuda-driver --enable-checking=release --build=x86_64-linux-gnu --host=x86_64-linux-gnu --target=x86_64-linux-gnu --with-build-config=bootstrap-lto-lean --enable-link-serialization=2
Thread model: posix
Supported LTO compression algorithms: zlib zstd
gcc version 11.4.0 (Ubuntu 11.4.0-1ubuntu1~22.04) 
... rest of stderr output deleted ...
configure:4330: $? = 0
configure:4319: gcc -V >&5
gcc: error: unrecognized command-line option '-V'
gcc: fatal error: no input files
compilation terminated.
configure:4330: $? = 1
configure:4319: gcc -qversion >&5
gcc: error: unrecognized command-line option '-qversion'; did you mean '--version'?
gcc: fatal error: no input files
compilation terminated.
configure:4330: $? = 1
configure:4319: gcc -version >&5
gcc: error: unrecognized command-line option '-version'
gcc: fatal error: no input files
compilation terminated.
configure:4330: $? = 1
configure:4350: checking whether the C compiler works
configure:4372: gcc    conftest.c  >&5
configure:4376: $? = 0
configure:4427: result: yes
configure:4431: checking for C compiler default output file name
configure:4433: result: a.out
configure:4439: checking for suffix of executables
configure:4446: gcc -o conftest    conftest.c  >&5
configure:4450: $? = 0
configure:4474: result: 
configure:4498: checking whether we are cross compiling
configure:4506: gcc -o conftest    conftest.c  >&5
configure:4510: $? = 0
configure:4517: ./conftest
configure:4521: $? = 0
configure:4536: result: no
configure:4542: checking for suffix of object files
configure:4565: gcc -c   conftest.c >&5
configure:4569: $? = 0
configure:4593: result: o
configure:4597: checking whether the compiler supports GNU C
configure:4617: gcc -c   conftest.c >&5
configure:4617: $? = 0
configure:4629: result: yes
configure:4640: checking whether gcc accepts -g
configure:4661: gcc -c -g  conftest.c >&5
configure:4661: $? = 0
configure:4708: result: yes
configure:4728: checking for gcc option to enable C11 features
configure:4743: gcc  -c -g -O2  conftest.c >&5
configure:4743: $? = 0
configure:4762: result: none needed
configure:4886: checking whether gcc understands -c and -o together
configure:4909: gcc -c conftest.c -o conftest2.o
configure:4912: $? = 0
configure:4909: gcc -c conftest.c -o conftest2.o
configure:4912: $? = 0
configure:4925: result: yes
configure:4944: checking dependency style of gcc
configure:5057: result: gcc3
configure:5072: checking for a sed that does not truncate output
configure:5144: result: /usr/bin/sed
configure:5162: checking for grep that handles long lines and -e
configure:5228: result: /usr/bin/grep
configure:5233: checking for egrep
configure:5303: result: /usr/bin/grep -E
configure:5310: checking for fgrep
configure:5380: result: /usr/bin/grep -F
configure:5417: checking for ld used by gcc
configure:5486: result: /usr/bin/ld
configure:5493: checking if the linker (/usr/bin/ld) is GNU ld
configure:5510: result: yes
configure:5522: checking for BSD- or MS-compatible name lister (nm)
configure:5578: result: /usr/bin/nm -B
configure:5720: checking the name lister (/usr/bin/nm -B) interface
configure:5728: gcc -c -g -O2  conftest.c >&5
configure:5731: /usr/bin/nm -B "conftest.o"
configure:5734: output
0000000000000000 B some_variable
configure:5742: result: BSD nm
configure:5745: checking whether ln -s works
configure:5749: result: yes
configure:5757: checking the maximum length of command line arguments
configure:5890: result: 1572864
configure:5938: checking how to convert x86_64-pc-linux-gnu file names to x86_64-pc-linux-gnu format
configure:5980: result: func_convert_file_noop
configure:5987: checking how to convert x86_64-pc-linux-gnu file names to toolchain format
configure:6009: result: func_convert_file_noop
configure:6016: checking for /usr/bin/ld option to reload object files
configure:6025: result: -r
configure:6105: checking for file
configure:6126: found /usr/bin/file
configure:6138: result: file
configure:6215: checking for objdump
configure:6236: found /usr/bin/objdump
configure:6248: result: objdump
configure:6280: checking how to recognize dependent libraries
configure:6482: result: pass_all
configure:6573: checking for dlltool
configure:6609: result: no
configure:6639: checking how to associate runtime and link libraries
configure:6668: result: printf %s\n
configure:6735: checking for ar
configure:6756: found /usr/bin/ar
configure:6768: result: ar
configure:6821: checking for archiver @FILE support
configure:6839: gcc -c -g -O2  conftest.c >&5
configure:6839: $? = 0
configure:6843: ar cr libconftest.a @conftest.lst >&5
configure:6846: $? = 0
configure:6851: ar cr libconftest.a @conftest.lst >&5
ar: conftest.o: No such file or directory
configure:6854: $? = 1
configure:6867: result: @
configure:6931: checking for strip
configure:6952: found /usr/bin/strip
configure:6964: result: strip
configure:7042: checking for ranlib
configure:7063: found /usr/bin/ranlib
configure:7075: result: ranlib
configure:7177: checking command to parse /usr/bin/nm -B output from gcc object
configure:7331: gcc -c -g -O2  conftest.c >&5
configure:7334: $? = 0
configure:7338: /usr/bin/nm -B conftest.o \| /usr/bin/sed -n -e 's/^.*[ ]\([ABCDGIRSTW][ABCDGIRSTW]*\)[ ][ ]*\([_A-Za-z][_A-Za-z0-9]*\)$/\1 \2 \2/p' | /usr/bin/sed '/ __gnu_lto/d' \> conftest.nm
configure:7341: $? = 0
configure:7407: gcc -o conftest -g -O2   conftest.c conftstm.o >&5
configure:7410: $? = 0
configure:7449: result: ok
configure:7496: checking for sysroot
configure:7528: result: no
configure:7535: checking for a working dd
configure:7580: result: /usr/bin/dd
configure:7584: checking how to truncate binary pipes
configure:7601: result: /usr/bin/dd bs=4096 count=1
configure:7738: gcc -c -g -O2  conftest.c >&5
configure:7741: $? = 0
configure:7941: checking for mt
configure:7962: found /usr/bin/mt
configure:7974: result: mt
configure:7997: checking if mt is a manifest tool
configure:8004: mt '-?'
configure:8013: result: no
configure:8752: checking for stdio.h
configure:8752: gcc -c -g -O2  conftest.c >&5
configure:8752: $? = 0
configure:8752: result: yes
configure:8752: checking for stdlib.h
configure:8752: gcc -c -g -O2  conftest.c >&5
configure:8752: $? = 0
configure:8752: result: yes
configure:8752: checking for string.h
configure:8752: gcc -c -g -O2  conftest.c >&5
configure:8752: $? = 0
configure:8752: result: yes
configure:8752: checking for inttypes.h
configure:8752: gcc -c -g -O2  conftest.c >&5
configure:8752: $? = 0
configure:8752: result: yes
configure:8752: checking for stdint.h
configure:8752: gcc -c -g -O2  conftest.c >&5
configure:8752: $? = 0
configure:8752: result: yes
configure:8752: checking for strings.h
configure:8752: gcc -c -g -O2  conftest.c >&5
configure:8752: $? = 0
configure:8752: result: yes
configure:8752: checking for sys/stat.h
configure:8752: gcc -c -g -O2  conftest.c >&5
configure:8752: $? = 0
configure:8752: result: yes
configure:8752: checking for sys/types.h
configure:8752: gcc -c -g -O2  conftest.c >&5
configure:8752: $? = 0
configure:8752: result: yes
configure:8752: checking for unistd.h
configure:8752: gcc -c -g -O2  conftest.c >&5
configure:8752: $? = 0
configure:8752: result: yes
configure:8777: checking for dlfcn.h
configure:8777: gcc -c -g -O2  conftest.c >&5
configure:8777: $? = 0
configure:8777: result: yes
configure:9041: checking for objdir
configure:9058: result: .libs
configure:9324: checking if gcc supports -fno-rtti -fno-exceptions
configure:9343: gcc -c -g -O2  -fno-rtti -fno-exceptions conftest.c >&5
cc1: warning: command-line option '-fno-rtti' is valid for C++/D/ObjC++ but not for C
configure:9347: $? = 0
configure:9361: result: no
configure:9719: checking for gcc option to produce PIC
configure:9728: result: -fPIC -DPIC
configure:9736: checking if gcc PIC flag -fPIC -DPIC works
configure:9755: gcc -c -g -O2  -fPIC -DPIC -DPIC conftest.c >&5
configure:9759: $? = 0
configure:9773: result: yes
configure:9802: checking if gcc static flag -static works
configure:9832: result: yes
configure:9847: checking if gcc supports -c -o file.o
configure:9869: gcc -c -g -O2  -o out/conftest2.o conftest.c >&5
configure:9873: $? = 0
configure:9896: result: yes
configure:9904: checking if gcc supports -c -o file.o
configure:9953: result: yes
configure:9986: checking whether the gcc linker (/usr/bin/ld -m elf_x86_64) supports shared libraries
configure:11259: result: yes
configure:11296: checking whether -lc should be explicitly linked in
configure:11305: gcc -c -g -O2  conftest.c >&5
configure:11308: $? = 0
configure:11323: gcc -shared  -fPIC -DPIC conftest.o  -v -Wl,-soname -Wl,conftest -o conftest 2\>\&1 \| /usr/bin/grep  -lc  \>/dev/null 2\>\&1
configure:11326: $? = 0
configure:11341: result: no
configure:11501: checking dynamic linker characteristics
configure:12083: gcc -o conftest -g -O2   -Wl,-rpath -Wl,/foo conftest.c  >&5
configure:12083: $? = 0
configure:12323: result: GNU/Linux ld.so
configure:12445: checking how to hardcode library paths into programs
configure:12470: result: immediate
configure:12581: checking for shl_load
configure:12581: gcc -o conftest -g -O2   conftest.c  >&5
/usr/bin/ld: /tmp/ccXzYz8V.o: in function `main':
/home/ubuntu/guacamole/guacamole-server-1.5.5/conftest.c:50: undefined reference to `shl_load'
collect2: error: ld returned 1 exit status
configure:12581: $? = 1
configure: failed program was:
| /* confdefs.h */
| #define PACKAGE_NAME "guacamole-server"
| #define PACKAGE_TARNAME "guacamole-server"
| #define PACKAGE_VERSION "1.5.5"
| #define PACKAGE_STRING "guacamole-server 1.5.5"
| #define PACKAGE_BUGREPORT ""
| #define PACKAGE_URL ""
| #define PACKAGE "guacamole-server"
| #define VERSION "1.5.5"
| #define HAVE_STDIO_H 1
| #define HAVE_STDLIB_H 1
| #define HAVE_STRING_H 1
| #define HAVE_INTTYPES_H 1
| #define HAVE_STDINT_H 1
| #define HAVE_STRINGS_H 1
| #define HAVE_SYS_STAT_H 1
| #define HAVE_SYS_TYPES_H 1
| #define HAVE_UNISTD_H 1
| #define STDC_HEADERS 1
| #define HAVE_DLFCN_H 1
| #define LT_OBJDIR ".libs/"
| /* end confdefs.h.  */
| /* Define shl_load to an innocuous variant, in case <limits.h> declares shl_load.
|    For example, HP-UX 11i <limits.h> declares gettimeofday.  */
| #define shl_load innocuous_shl_load
| 
| /* System header to define __stub macros and hopefully few prototypes,
|    which can conflict with char shl_load (void); below.  */
| 
| #include <limits.h>
| #undef shl_load
| 
| /* Override any GCC internal prototype to avoid an error.
|    Use char because int might match the return type of a GCC
|    builtin and then its argument prototype would still apply.  */
| #ifdef __cplusplus
| extern "C"
| #endif
| char shl_load (void);
| /* The GNU C library defines this for functions which it implements
|     to always fail with ENOSYS.  Some functions are actually named
|     something starting with __ and the normal name is an alias.  */
| #if defined __stub_shl_load || defined __stub___shl_load
| choke me
| #endif
| 
| int
| main (void)
| {
| return shl_load ();
|   ;
|   return 0;
| }
configure:12581: result: no
configure:12586: checking for shl_load in -ldld
configure:12615: gcc -o conftest -g -O2   conftest.c -ldld   >&5
/usr/bin/ld: cannot find -ldld: No such file or directory
collect2: error: ld returned 1 exit status
configure:12615: $? = 1
configure: failed program was:
| /* confdefs.h */
| #define PACKAGE_NAME "guacamole-server"
| #define PACKAGE_TARNAME "guacamole-server"
| #define PACKAGE_VERSION "1.5.5"
| #define PACKAGE_STRING "guacamole-server 1.5.5"
| #define PACKAGE_BUGREPORT ""
| #define PACKAGE_URL ""
| #define PACKAGE "guacamole-server"
| #define VERSION "1.5.5"
| #define HAVE_STDIO_H 1
| #define HAVE_STDLIB_H 1
| #define HAVE_STRING_H 1
| #define HAVE_INTTYPES_H 1
| #define HAVE_STDINT_H 1
| #define HAVE_STRINGS_H 1
| #define HAVE_SYS_STAT_H 1
| #define HAVE_SYS_TYPES_H 1
| #define HAVE_UNISTD_H 1
| #define STDC_HEADERS 1
| #define HAVE_DLFCN_H 1
| #define LT_OBJDIR ".libs/"
| /* end confdefs.h.  */
| 
| /* Override any GCC internal prototype to avoid an error.
|    Use char because int might match the return type of a GCC
|    builtin and then its argument prototype would still apply.
|    The 'extern "C"' is for builds by C++ compilers;
|    although this is not generally supported in C code supporting it here
|    has little cost and some practical benefit (sr 110532).  */
| #ifdef __cplusplus
| extern "C"
| #endif
| char shl_load (void);
| int
| main (void)
| {
| return shl_load ();
|   ;
|   return 0;
| }
configure:12627: result: no
configure:12633: checking for dlopen
configure:12633: gcc -o conftest -g -O2   conftest.c  >&5
configure:12633: $? = 0
configure:12633: result: yes
configure:12820: checking whether a program can dlopen itself
configure:12901: gcc -o conftest -g -O2  -DHAVE_DLFCN_H  -Wl,--export-dynamic conftest.c   >&5
configure:12904: $? = 0
configure:12923: result: yes
configure:12928: checking whether a statically linked program can dlopen itself
configure:13009: gcc -o conftest -g -O2  -DHAVE_DLFCN_H  -Wl,--export-dynamic -static conftest.c   >&5
/usr/bin/ld: /tmp/ccAeP7NH.o: in function `main':
/home/ubuntu/guacamole/guacamole-server-1.5.5/configure:12988: warning: Using 'dlopen' in statically linked applications requires at runtime the shared libraries from the glibc version used for linking
configure:13012: $? = 0
conftest: undefined symbol: _fnord
configure:13031: result: no
configure:13070: checking whether stripping libraries is possible
configure:13079: result: yes
configure:13121: checking if libtool supports shared libraries
configure:13123: result: yes
configure:13126: checking whether to build shared libraries
configure:13151: result: yes
configure:13154: checking whether to build static libraries
configure:13158: result: yes
configure:13259: checking for gcc
configure:13292: result: gcc
configure:13651: checking for C compiler version
configure:13660: gcc --version >&5
gcc (Ubuntu 11.4.0-1ubuntu1~22.04) 11.4.0
Copyright (C) 2021 Free Software Foundation, Inc.
This is free software; see the source for copying conditions.  There is NO
warranty; not even for MERCHANTABILITY or FITNESS FOR A PARTICULAR PURPOSE.

configure:13671: $? = 0
configure:13660: gcc -v >&5
Using built-in specs.
COLLECT_GCC=gcc
COLLECT_LTO_WRAPPER=/usr/lib/gcc/x86_64-linux-gnu/11/lto-wrapper
OFFLOAD_TARGET_NAMES=nvptx-none:amdgcn-amdhsa
OFFLOAD_TARGET_DEFAULT=1
Target: x86_64-linux-gnu
Configured with: ../src/configure -v --with-pkgversion='Ubuntu 11.4.0-1ubuntu1~22.04' --with-bugurl=file:///usr/share/doc/gcc-11/README.Bugs --enable-languages=c,ada,c++,go,brig,d,fortran,objc,obj-c++,m2 --prefix=/usr --with-gcc-major-version-only --program-suffix=-11 --program-prefix=x86_64-linux-gnu- --enable-shared --enable-linker-build-id --libexecdir=/usr/lib --without-included-gettext --enable-threads=posix --libdir=/usr/lib --enable-nls --enable-bootstrap --enable-clocale=gnu --enable-libstdcxx-debug --enable-libstdcxx-time=yes --with-default-libstdcxx-abi=new --enable-gnu-unique-object --disable-vtable-verify --enable-plugin --enable-default-pie --with-system-zlib --enable-libphobos-checking=release --with-target-system-zlib=auto --enable-objc-gc=auto --enable-multiarch --disable-werror --enable-cet --with-arch-32=i686 --with-abi=m64 --with-multilib-list=m32,m64,mx32 --enable-multilib --with-tune=generic --enable-offload-targets=nvptx-none=/build/gcc-11-XeT9lY/gcc-11-11.4.0/debian/tmp-nvptx/usr,amdgcn-amdhsa=/build/gcc-11-XeT9lY/gcc-11-11.4.0/debian/tmp-gcn/usr --without-cuda-driver --enable-checking=release --build=x86_64-linux-gnu --host=x86_64-linux-gnu --target=x86_64-linux-gnu --with-build-config=bootstrap-lto-lean --enable-link-serialization=2
Thread model: posix
Supported LTO compression algorithms: zlib zstd
gcc version 11.4.0 (Ubuntu 11.4.0-1ubuntu1~22.04) 
... rest of stderr output deleted ...
configure:13671: $? = 0
configure:13660: gcc -V >&5
gcc: error: unrecognized command-line option '-V'
gcc: fatal error: no input files
compilation terminated.
configure:13671: $? = 1
configure:13660: gcc -qversion >&5
gcc: error: unrecognized command-line option '-qversion'; did you mean '--version'?
gcc: fatal error: no input files
compilation terminated.
configure:13671: $? = 1
configure:13660: gcc -version >&5
gcc: error: unrecognized command-line option '-version'
gcc: fatal error: no input files
compilation terminated.
configure:13671: $? = 1
configure:13675: checking whether the compiler supports GNU C
configure:13707: result: yes
configure:13718: checking whether gcc accepts -g
configure:13786: result: yes
configure:13806: checking for gcc option to enable C11 features
configure:13840: result: none needed
configure:13964: checking whether gcc understands -c and -o together
configure:14003: result: yes
configure:14022: checking dependency style of gcc
configure:14135: result: gcc3
configure:14154: checking for fcntl.h
configure:14154: gcc -c -g -O2  conftest.c >&5
configure:14154: $? = 0
configure:14154: result: yes
configure:14160: checking for stdlib.h
configure:14160: result: yes
configure:14166: checking for string.h
configure:14166: result: yes
configure:14172: checking for sys/socket.h
configure:14172: gcc -c -g -O2  conftest.c >&5
configure:14172: $? = 0
configure:14172: result: yes
configure:14178: checking for time.h
configure:14178: gcc -c -g -O2  conftest.c >&5
configure:14178: $? = 0
configure:14178: result: yes
configure:14184: checking for sys/time.h
configure:14184: gcc -c -g -O2  conftest.c >&5
configure:14184: $? = 0
configure:14184: result: yes
configure:14190: checking for syslog.h
configure:14190: gcc -c -g -O2  conftest.c >&5
configure:14190: $? = 0
configure:14190: result: yes
configure:14196: checking for unistd.h
configure:14196: result: yes
configure:14202: checking for cairo/cairo.h
configure:14202: gcc -c -g -O2  conftest.c >&5
configure:14202: $? = 0
configure:14202: result: yes
configure:14208: checking for pngstruct.h
configure:14208: gcc -c -g -O2  conftest.c >&5
conftest.c:60:10: fatal error: pngstruct.h: No such file or directory
   60 | #include <pngstruct.h>
      |          ^~~~~~~~~~~~~
compilation terminated.
configure:14208: $? = 1
configure: failed program was:
| /* confdefs.h */
| #define PACKAGE_NAME "guacamole-server"
| #define PACKAGE_TARNAME "guacamole-server"
| #define PACKAGE_VERSION "1.5.5"
| #define PACKAGE_STRING "guacamole-server 1.5.5"
| #define PACKAGE_BUGREPORT ""
| #define PACKAGE_URL ""
| #define PACKAGE "guacamole-server"
| #define VERSION "1.5.5"
| #define HAVE_STDIO_H 1
| #define HAVE_STDLIB_H 1
| #define HAVE_STRING_H 1
| #define HAVE_INTTYPES_H 1
| #define HAVE_STDINT_H 1
| #define HAVE_STRINGS_H 1
| #define HAVE_SYS_STAT_H 1
| #define HAVE_SYS_TYPES_H 1
| #define HAVE_UNISTD_H 1
| #define STDC_HEADERS 1
| #define HAVE_DLFCN_H 1
| #define LT_OBJDIR ".libs/"
| #define HAVE_FCNTL_H 1
| #define HAVE_STDLIB_H 1
| #define HAVE_STRING_H 1
| #define HAVE_SYS_SOCKET_H 1
| #define HAVE_TIME_H 1
| #define HAVE_SYS_TIME_H 1
| #define HAVE_SYSLOG_H 1
| #define HAVE_UNISTD_H 1
| #define HAVE_CAIRO_CAIRO_H 1
| /* end confdefs.h.  */
| #include <stddef.h>
| #ifdef HAVE_STDIO_H
| # include <stdio.h>
| #endif
| #ifdef HAVE_STDLIB_H
| # include <stdlib.h>
| #endif
| #ifdef HAVE_STRING_H
| # include <string.h>
| #endif
| #ifdef HAVE_INTTYPES_H
| # include <inttypes.h>
| #endif
| #ifdef HAVE_STDINT_H
| # include <stdint.h>
| #endif
| #ifdef HAVE_STRINGS_H
| # include <strings.h>
| #endif
| #ifdef HAVE_SYS_TYPES_H
| # include <sys/types.h>
| #endif
| #ifdef HAVE_SYS_STAT_H
| # include <sys/stat.h>
| #endif
| #ifdef HAVE_UNISTD_H
| # include <unistd.h>
| #endif
| #include <pngstruct.h>
configure:14208: result: no
configure:14225: checking for gcc options needed to detect all undeclared functions
configure:14247: gcc -c -g -O2   conftest.c >&5
conftest.c: In function 'main':
conftest.c:38:8: error: 'strchr' undeclared (first use in this function)
   38 | (void) strchr;
      |        ^~~~~~
conftest.c:1:1: note: 'strchr' is defined in header '<string.h>'; did you forget to '#include <string.h>'?
    1 | /* confdefs.h */
conftest.c:38:8: note: each undeclared identifier is reported only once for each function it appears in
   38 | (void) strchr;
      |        ^~~~~~
configure:14247: $? = 1
configure: failed program was:
| /* confdefs.h */
| #define PACKAGE_NAME "guacamole-server"
| #define PACKAGE_TARNAME "guacamole-server"
| #define PACKAGE_VERSION "1.5.5"
| #define PACKAGE_STRING "guacamole-server 1.5.5"
| #define PACKAGE_BUGREPORT ""
| #define PACKAGE_URL ""
| #define PACKAGE "guacamole-server"
| #define VERSION "1.5.5"
| #define HAVE_STDIO_H 1
| #define HAVE_STDLIB_H 1
| #define HAVE_STRING_H 1
| #define HAVE_INTTYPES_H 1
| #define HAVE_STDINT_H 1
| #define HAVE_STRINGS_H 1
| #define HAVE_SYS_STAT_H 1
| #define HAVE_SYS_TYPES_H 1
| #define HAVE_UNISTD_H 1
| #define STDC_HEADERS 1
| #define HAVE_DLFCN_H 1
| #define LT_OBJDIR ".libs/"
| #define HAVE_FCNTL_H 1
| #define HAVE_STDLIB_H 1
| #define HAVE_STRING_H 1
| #define HAVE_SYS_SOCKET_H 1
| #define HAVE_TIME_H 1
| #define HAVE_SYS_TIME_H 1
| #define HAVE_SYSLOG_H 1
| #define HAVE_UNISTD_H 1
| #define HAVE_CAIRO_CAIRO_H 1
| #define _XOPEN_SOURCE 700
| #define __BSD_VISIBLE 1
| /* end confdefs.h.  */
| 
| int
| main (void)
| {
| (void) strchr;
|   ;
|   return 0;
| }
configure:14274: gcc -c -g -O2   conftest.c >&5
configure:14274: $? = 0
configure:14294: result: none needed
configure:14308: checking for cos in -lm
configure:14337: gcc -o conftest -g -O2   conftest.c -lm   >&5
conftest.c:44:6: warning: conflicting types for built-in function 'cos'; expected 'double(double)' [-Wbuiltin-declaration-mismatch]
   44 | char cos (void);
      |      ^~~
conftest.c:1:1: note: 'cos' is declared in header '<math.h>'
    1 | /* confdefs.h */
configure:14337: $? = 0
configure:14349: result: yes
configure:14369: checking for png_write_png in -lpng
configure:14398: gcc -o conftest -g -O2   conftest.c -lpng   >&5
configure:14398: $? = 0
configure:14410: result: yes
configure:14422: checking for jpeg_start_compress in -ljpeg
configure:14451: gcc -o conftest -g -O2   conftest.c -ljpeg   >&5
configure:14451: $? = 0
configure:14463: result: yes
configure:14475: checking for cairo_create in -lcairo
configure:14504: gcc -o conftest -g -O2   conftest.c -lcairo   >&5
configure:14504: $? = 0
configure:14516: result: yes
configure:14528: checking for pthread_create in -lpthread
configure:14557: gcc -o conftest -g -O2   conftest.c -lpthread   >&5
configure:14557: $? = 0
configure:14569: result: yes
configure:14581: checking for timer_create
configure:14581: gcc -o conftest -g -O2   conftest.c  >&5
configure:14581: $? = 0
configure:14581: result: yes
configure:14584: result: timer_create was found without librt.
configure:14646: checking for dlopen in -ldl
configure:14675: gcc -o conftest -g -O2   conftest.c -ldl   >&5
configure:14675: $? = 0
configure:14687: result: yes
configure:14725: checking for uuid_generate in -luuid
configure:14754: gcc -o conftest -g -O2   conftest.c -luuid   >&5
configure:14754: $? = 0
configure:14766: result: yes
configure:14917: checking for CU_run_test in -lcunit
configure:14946: gcc -o conftest -g -O2   conftest.c -lcunit   >&5
/usr/bin/ld: cannot find -lcunit: No such file or directory
collect2: error: ld returned 1 exit status
configure:14946: $? = 1
configure: failed program was:
| /* confdefs.h */
| #define PACKAGE_NAME "guacamole-server"
| #define PACKAGE_TARNAME "guacamole-server"
| #define PACKAGE_VERSION "1.5.5"
| #define PACKAGE_STRING "guacamole-server 1.5.5"
| #define PACKAGE_BUGREPORT ""
| #define PACKAGE_URL ""
| #define PACKAGE "guacamole-server"
| #define VERSION "1.5.5"
| #define HAVE_STDIO_H 1
| #define HAVE_STDLIB_H 1
| #define HAVE_STRING_H 1
| #define HAVE_INTTYPES_H 1
| #define HAVE_STDINT_H 1
| #define HAVE_STRINGS_H 1
| #define HAVE_SYS_STAT_H 1
| #define HAVE_SYS_TYPES_H 1
| #define HAVE_UNISTD_H 1
| #define STDC_HEADERS 1
| #define HAVE_DLFCN_H 1
| #define LT_OBJDIR ".libs/"
| #define HAVE_FCNTL_H 1
| #define HAVE_STDLIB_H 1
| #define HAVE_STRING_H 1
| #define HAVE_SYS_SOCKET_H 1
| #define HAVE_TIME_H 1
| #define HAVE_SYS_TIME_H 1
| #define HAVE_SYSLOG_H 1
| #define HAVE_UNISTD_H 1
| #define HAVE_CAIRO_CAIRO_H 1
| #define _XOPEN_SOURCE 700
| #define __BSD_VISIBLE 1
| #define HAVE_LIBPTHREAD /**/
| #define HAVE_LIBUUID /**/
| /* end confdefs.h.  */
| 
| /* Override any GCC internal prototype to avoid an error.
|    Use char because int might match the return type of a GCC
|    builtin and then its argument prototype would still apply.
|    The 'extern "C"' is for builds by C++ compilers;
|    although this is not generally supported in C code supporting it here
|    has little cost and some practical benefit (sr 110532).  */
| #ifdef __cplusplus
| extern "C"
| #endif
| char CU_run_test (void);
| int
| main (void)
| {
| return CU_run_test ();
|   ;
|   return 0;
| }
configure:14958: result: no
configure:14977: checking for clock_gettime
configure:14977: gcc -o conftest -g -O2   conftest.c  >&5
configure:14977: $? = 0
configure:14977: result: yes
configure:14983: checking for gettimeofday
configure:14983: gcc -o conftest -g -O2   conftest.c  >&5
configure:14983: $? = 0
configure:14983: result: yes
configure:14989: checking for memmove
configure:14989: gcc -o conftest -g -O2   conftest.c  >&5
conftest.c:54:6: warning: conflicting types for built-in function 'memmove'; expected 'void *(void *, const void *, long unsigned int)' [-Wbuiltin-declaration-mismatch]
   54 | char memmove (void);
      |      ^~~~~~~
conftest.c:46:1: note: 'memmove' is declared in header '<string.h>'
   45 | #include <limits.h>
   46 | #undef memmove
configure:14989: $? = 0
configure:14989: result: yes
configure:14995: checking for memset
configure:14995: gcc -o conftest -g -O2   conftest.c  >&5
conftest.c:55:6: warning: conflicting types for built-in function 'memset'; expected 'void *(void *, int,  long unsigned int)' [-Wbuiltin-declaration-mismatch]
   55 | char memset (void);
      |      ^~~~~~
conftest.c:47:1: note: 'memset' is declared in header '<string.h>'
   46 | #include <limits.h>
   47 | #undef memset
configure:14995: $? = 0
configure:14995: result: yes
configure:15001: checking for select
configure:15001: gcc -o conftest -g -O2   conftest.c  >&5
configure:15001: $? = 0
configure:15001: result: yes
configure:15007: checking for strdup
configure:15007: gcc -o conftest -g -O2   conftest.c  >&5
conftest.c:57:6: warning: conflicting types for built-in function 'strdup'; expected 'char *(const char *)' [-Wbuiltin-declaration-mismatch]
   57 | char strdup (void);
      |      ^~~~~~
configure:15007: $? = 0
configure:15007: result: yes
configure:15013: checking for nanosleep
configure:15013: gcc -o conftest -g -O2   conftest.c  >&5
configure:15013: $? = 0
configure:15013: result: yes
configure:15021: checking whether png_get_io_ptr is declared
configure:15021: gcc -c -g -O2   conftest.c >&5
configure:15021: $? = 0
configure:15021: result: yes
configure:15030: checking whether cairo_format_stride_for_width is declared
configure:15030: gcc -c -g -O2   conftest.c >&5
configure:15030: $? = 0
configure:15030: result: yes
configure:15039: checking whether poll is declared
configure:15039: gcc -c -g -O2   conftest.c >&5
configure:15039: $? = 0
configure:15039: result: yes
configure:15048: checking whether strlcpy is declared
configure:15048: gcc -c -g -O2   conftest.c >&5
conftest.c: In function 'main':
conftest.c:55:10: error: 'strlcpy' undeclared (first use in this function); did you mean 'strncpy'?
   55 |   (void) strlcpy;
      |          ^~~~~~~
      |          strncpy
conftest.c:55:10: note: each undeclared identifier is reported only once for each function it appears in
configure:15048: $? = 1
configure: failed program was:
| /* confdefs.h */
| #define PACKAGE_NAME "guacamole-server"
| #define PACKAGE_TARNAME "guacamole-server"
| #define PACKAGE_VERSION "1.5.5"
| #define PACKAGE_STRING "guacamole-server 1.5.5"
| #define PACKAGE_BUGREPORT ""
| #define PACKAGE_URL ""
| #define PACKAGE "guacamole-server"
| #define VERSION "1.5.5"
| #define HAVE_STDIO_H 1
| #define HAVE_STDLIB_H 1
| #define HAVE_STRING_H 1
| #define HAVE_INTTYPES_H 1
| #define HAVE_STDINT_H 1
| #define HAVE_STRINGS_H 1
| #define HAVE_SYS_STAT_H 1
| #define HAVE_SYS_TYPES_H 1
| #define HAVE_UNISTD_H 1
| #define STDC_HEADERS 1
| #define HAVE_DLFCN_H 1
| #define LT_OBJDIR ".libs/"
| #define HAVE_FCNTL_H 1
| #define HAVE_STDLIB_H 1
| #define HAVE_STRING_H 1
| #define HAVE_SYS_SOCKET_H 1
| #define HAVE_TIME_H 1
| #define HAVE_SYS_TIME_H 1
| #define HAVE_SYSLOG_H 1
| #define HAVE_UNISTD_H 1
| #define HAVE_CAIRO_CAIRO_H 1
| #define _XOPEN_SOURCE 700
| #define __BSD_VISIBLE 1
| #define HAVE_LIBPTHREAD /**/
| #define HAVE_LIBUUID /**/
| #define HAVE_CLOCK_GETTIME 1
| #define HAVE_GETTIMEOFDAY 1
| #define HAVE_MEMMOVE 1
| #define HAVE_MEMSET 1
| #define HAVE_SELECT 1
| #define HAVE_STRDUP 1
| #define HAVE_NANOSLEEP 1
| #define HAVE_PNG_GET_IO_PTR /**/
| #define HAVE_CAIRO_FORMAT_STRIDE_FOR_WIDTH /**/
| #define HAVE_POLL /**/
| /* end confdefs.h.  */
| #include <string.h>
| 
| int
| main (void)
| {
| #ifndef strlcpy
| #ifdef __cplusplus
|   (void) strlcpy;
| #else
|   (void) strlcpy;
| #endif
| #endif
| 
|   ;
|   return 0;
| }
configure:15048: result: no
configure:15057: checking whether strlcat is declared
configure:15057: gcc -c -g -O2   conftest.c >&5
conftest.c: In function 'main':
conftest.c:55:10: error: 'strlcat' undeclared (first use in this function); did you mean 'strncat'?
   55 |   (void) strlcat;
      |          ^~~~~~~
      |          strncat
conftest.c:55:10: note: each undeclared identifier is reported only once for each function it appears in
configure:15057: $? = 1
configure: failed program was:
| /* confdefs.h */
| #define PACKAGE_NAME "guacamole-server"
| #define PACKAGE_TARNAME "guacamole-server"
| #define PACKAGE_VERSION "1.5.5"
| #define PACKAGE_STRING "guacamole-server 1.5.5"
| #define PACKAGE_BUGREPORT ""
| #define PACKAGE_URL ""
| #define PACKAGE "guacamole-server"
| #define VERSION "1.5.5"
| #define HAVE_STDIO_H 1
| #define HAVE_STDLIB_H 1
| #define HAVE_STRING_H 1
| #define HAVE_INTTYPES_H 1
| #define HAVE_STDINT_H 1
| #define HAVE_STRINGS_H 1
| #define HAVE_SYS_STAT_H 1
| #define HAVE_SYS_TYPES_H 1
| #define HAVE_UNISTD_H 1
| #define STDC_HEADERS 1
| #define HAVE_DLFCN_H 1
| #define LT_OBJDIR ".libs/"
| #define HAVE_FCNTL_H 1
| #define HAVE_STDLIB_H 1
| #define HAVE_STRING_H 1
| #define HAVE_SYS_SOCKET_H 1
| #define HAVE_TIME_H 1
| #define HAVE_SYS_TIME_H 1
| #define HAVE_SYSLOG_H 1
| #define HAVE_UNISTD_H 1
| #define HAVE_CAIRO_CAIRO_H 1
| #define _XOPEN_SOURCE 700
| #define __BSD_VISIBLE 1
| #define HAVE_LIBPTHREAD /**/
| #define HAVE_LIBUUID /**/
| #define HAVE_CLOCK_GETTIME 1
| #define HAVE_GETTIMEOFDAY 1
| #define HAVE_MEMMOVE 1
| #define HAVE_MEMSET 1
| #define HAVE_SELECT 1
| #define HAVE_STRDUP 1
| #define HAVE_NANOSLEEP 1
| #define HAVE_PNG_GET_IO_PTR /**/
| #define HAVE_CAIRO_FORMAT_STRIDE_FOR_WIDTH /**/
| #define HAVE_POLL /**/
| /* end confdefs.h.  */
| #include <string.h>
| 
| int
| main (void)
| {
| #ifndef strlcat
| #ifdef __cplusplus
|   (void) strlcat;
| #else
|   (void) strlcat;
| #endif
| #endif
| 
|   ;
|   return 0;
| }
configure:15057: result: no
configure:15066: checking whether strnstr is declared
configure:15066: gcc -c -g -O2   conftest.c >&5
conftest.c: In function 'main':
conftest.c:55:10: error: 'strnstr' undeclared (first use in this function); did you mean 'strstr'?
   55 |   (void) strnstr;
      |          ^~~~~~~
      |          strstr
conftest.c:55:10: note: each undeclared identifier is reported only once for each function it appears in
configure:15066: $? = 1
configure: failed program was:
| /* confdefs.h */
| #define PACKAGE_NAME "guacamole-server"
| #define PACKAGE_TARNAME "guacamole-server"
| #define PACKAGE_VERSION "1.5.5"
| #define PACKAGE_STRING "guacamole-server 1.5.5"
| #define PACKAGE_BUGREPORT ""
| #define PACKAGE_URL ""
| #define PACKAGE "guacamole-server"
| #define VERSION "1.5.5"
| #define HAVE_STDIO_H 1
| #define HAVE_STDLIB_H 1
| #define HAVE_STRING_H 1
| #define HAVE_INTTYPES_H 1
| #define HAVE_STDINT_H 1
| #define HAVE_STRINGS_H 1
| #define HAVE_SYS_STAT_H 1
| #define HAVE_SYS_TYPES_H 1
| #define HAVE_UNISTD_H 1
| #define STDC_HEADERS 1
| #define HAVE_DLFCN_H 1
| #define LT_OBJDIR ".libs/"
| #define HAVE_FCNTL_H 1
| #define HAVE_STDLIB_H 1
| #define HAVE_STRING_H 1
| #define HAVE_SYS_SOCKET_H 1
| #define HAVE_TIME_H 1
| #define HAVE_SYS_TIME_H 1
| #define HAVE_SYSLOG_H 1
| #define HAVE_UNISTD_H 1
| #define HAVE_CAIRO_CAIRO_H 1
| #define _XOPEN_SOURCE 700
| #define __BSD_VISIBLE 1
| #define HAVE_LIBPTHREAD /**/
| #define HAVE_LIBUUID /**/
| #define HAVE_CLOCK_GETTIME 1
| #define HAVE_GETTIMEOFDAY 1
| #define HAVE_MEMMOVE 1
| #define HAVE_MEMSET 1
| #define HAVE_SELECT 1
| #define HAVE_STRDUP 1
| #define HAVE_NANOSLEEP 1
| #define HAVE_PNG_GET_IO_PTR /**/
| #define HAVE_CAIRO_FORMAT_STRIDE_FOR_WIDTH /**/
| #define HAVE_POLL /**/
| /* end confdefs.h.  */
| #include <string.h>
| 
| int
| main (void)
| {
| #ifndef strnstr
| #ifdef __cplusplus
|   (void) strnstr;
| #else
|   (void) strnstr;
| #endif
| #endif
| 
|   ;
|   return 0;
| }
configure:15066: result: no
configure:15076: checking for size_t
configure:15076: gcc -c -g -O2  conftest.c >&5
configure:15076: $? = 0
configure:15076: gcc -c -g -O2  conftest.c >&5
conftest.c: In function 'main':
conftest.c:77:21: error: expected expression before ')' token
   77 | if (sizeof ((size_t)))
      |                     ^
configure:15076: $? = 1
configure: failed program was:
| /* confdefs.h */
| #define PACKAGE_NAME "guacamole-server"
| #define PACKAGE_TARNAME "guacamole-server"
| #define PACKAGE_VERSION "1.5.5"
| #define PACKAGE_STRING "guacamole-server 1.5.5"
| #define PACKAGE_BUGREPORT ""
| #define PACKAGE_URL ""
| #define PACKAGE "guacamole-server"
| #define VERSION "1.5.5"
| #define HAVE_STDIO_H 1
| #define HAVE_STDLIB_H 1
| #define HAVE_STRING_H 1
| #define HAVE_INTTYPES_H 1
| #define HAVE_STDINT_H 1
| #define HAVE_STRINGS_H 1
| #define HAVE_SYS_STAT_H 1
| #define HAVE_SYS_TYPES_H 1
| #define HAVE_UNISTD_H 1
| #define STDC_HEADERS 1
| #define HAVE_DLFCN_H 1
| #define LT_OBJDIR ".libs/"
| #define HAVE_FCNTL_H 1
| #define HAVE_STDLIB_H 1
| #define HAVE_STRING_H 1
| #define HAVE_SYS_SOCKET_H 1
| #define HAVE_TIME_H 1
| #define HAVE_SYS_TIME_H 1
| #define HAVE_SYSLOG_H 1
| #define HAVE_UNISTD_H 1
| #define HAVE_CAIRO_CAIRO_H 1
| #define _XOPEN_SOURCE 700
| #define __BSD_VISIBLE 1
| #define HAVE_LIBPTHREAD /**/
| #define HAVE_LIBUUID /**/
| #define HAVE_CLOCK_GETTIME 1
| #define HAVE_GETTIMEOFDAY 1
| #define HAVE_MEMMOVE 1
| #define HAVE_MEMSET 1
| #define HAVE_SELECT 1
| #define HAVE_STRDUP 1
| #define HAVE_NANOSLEEP 1
| #define HAVE_PNG_GET_IO_PTR /**/
| #define HAVE_CAIRO_FORMAT_STRIDE_FOR_WIDTH /**/
| #define HAVE_POLL /**/
| /* end confdefs.h.  */
| #include <stddef.h>
| #ifdef HAVE_STDIO_H
| # include <stdio.h>
| #endif
| #ifdef HAVE_STDLIB_H
| # include <stdlib.h>
| #endif
| #ifdef HAVE_STRING_H
| # include <string.h>
| #endif
| #ifdef HAVE_INTTYPES_H
| # include <inttypes.h>
| #endif
| #ifdef HAVE_STDINT_H
| # include <stdint.h>
| #endif
| #ifdef HAVE_STRINGS_H
| # include <strings.h>
| #endif
| #ifdef HAVE_SYS_TYPES_H
| # include <sys/types.h>
| #endif
| #ifdef HAVE_SYS_STAT_H
| # include <sys/stat.h>
| #endif
| #ifdef HAVE_UNISTD_H
| # include <unistd.h>
| #endif
| int
| main (void)
| {
| if (sizeof ((size_t)))
| 	    return 0;
|   ;
|   return 0;
| }
configure:15076: result: yes
configure:15087: checking for ssize_t
configure:15087: gcc -c -g -O2  conftest.c >&5
configure:15087: $? = 0
configure:15087: gcc -c -g -O2  conftest.c >&5
conftest.c: In function 'main':
conftest.c:77:22: error: expected expression before ')' token
   77 | if (sizeof ((ssize_t)))
      |                      ^
configure:15087: $? = 1
configure: failed program was:
| /* confdefs.h */
| #define PACKAGE_NAME "guacamole-server"
| #define PACKAGE_TARNAME "guacamole-server"
| #define PACKAGE_VERSION "1.5.5"
| #define PACKAGE_STRING "guacamole-server 1.5.5"
| #define PACKAGE_BUGREPORT ""
| #define PACKAGE_URL ""
| #define PACKAGE "guacamole-server"
| #define VERSION "1.5.5"
| #define HAVE_STDIO_H 1
| #define HAVE_STDLIB_H 1
| #define HAVE_STRING_H 1
| #define HAVE_INTTYPES_H 1
| #define HAVE_STDINT_H 1
| #define HAVE_STRINGS_H 1
| #define HAVE_SYS_STAT_H 1
| #define HAVE_SYS_TYPES_H 1
| #define HAVE_UNISTD_H 1
| #define STDC_HEADERS 1
| #define HAVE_DLFCN_H 1
| #define LT_OBJDIR ".libs/"
| #define HAVE_FCNTL_H 1
| #define HAVE_STDLIB_H 1
| #define HAVE_STRING_H 1
| #define HAVE_SYS_SOCKET_H 1
| #define HAVE_TIME_H 1
| #define HAVE_SYS_TIME_H 1
| #define HAVE_SYSLOG_H 1
| #define HAVE_UNISTD_H 1
| #define HAVE_CAIRO_CAIRO_H 1
| #define _XOPEN_SOURCE 700
| #define __BSD_VISIBLE 1
| #define HAVE_LIBPTHREAD /**/
| #define HAVE_LIBUUID /**/
| #define HAVE_CLOCK_GETTIME 1
| #define HAVE_GETTIMEOFDAY 1
| #define HAVE_MEMMOVE 1
| #define HAVE_MEMSET 1
| #define HAVE_SELECT 1
| #define HAVE_STRDUP 1
| #define HAVE_NANOSLEEP 1
| #define HAVE_PNG_GET_IO_PTR /**/
| #define HAVE_CAIRO_FORMAT_STRIDE_FOR_WIDTH /**/
| #define HAVE_POLL /**/
| /* end confdefs.h.  */
| #include <stddef.h>
| #ifdef HAVE_STDIO_H
| # include <stdio.h>
| #endif
| #ifdef HAVE_STDLIB_H
| # include <stdlib.h>
| #endif
| #ifdef HAVE_STRING_H
| # include <string.h>
| #endif
| #ifdef HAVE_INTTYPES_H
| # include <inttypes.h>
| #endif
| #ifdef HAVE_STDINT_H
| # include <stdint.h>
| #endif
| #ifdef HAVE_STRINGS_H
| # include <strings.h>
| #endif
| #ifdef HAVE_SYS_TYPES_H
| # include <sys/types.h>
| #endif
| #ifdef HAVE_SYS_STAT_H
| # include <sys/stat.h>
| #endif
| #ifdef HAVE_UNISTD_H
| # include <unistd.h>
| #endif
| int
| main (void)
| {
| if (sizeof ((ssize_t)))
| 	    return 0;
|   ;
|   return 0;
| }
configure:15087: result: yes
configure:15271: checking for pkg-config
configure:15294: found /usr/bin/pkg-config
configure:15307: result: /usr/bin/pkg-config
configure:15332: checking pkg-config is at least version 0.9.0
configure:15335: result: yes
configure:15345: checking for libavcodec
configure:15352: $PKG_CONFIG --exists --print-errors "libavcodec"
configure:15355: $? = 0
configure:15369: $PKG_CONFIG --exists --print-errors "libavcodec"
configure:15372: $? = 0
configure:15410: result: yes
configure:15443: checking for libavformat
configure:15450: $PKG_CONFIG --exists --print-errors "libavformat"
configure:15453: $? = 0
configure:15467: $PKG_CONFIG --exists --print-errors "libavformat"
configure:15470: $? = 0
configure:15508: result: yes
configure:15544: checking for libavutil
configure:15551: $PKG_CONFIG --exists --print-errors "libavutil"
configure:15554: $? = 0
configure:15568: $PKG_CONFIG --exists --print-errors "libavutil"
configure:15571: $? = 0
configure:15609: result: yes
configure:15645: checking for libswscale
configure:15652: $PKG_CONFIG --exists --print-errors "libswscale"
configure:15655: $? = 0
configure:15669: $PKG_CONFIG --exists --print-errors "libswscale"
configure:15672: $? = 0
configure:15710: result: yes
configure:15746: checking for openssl/ssl.h
configure:15746: gcc -c -g -O2  conftest.c >&5
configure:15746: $? = 0
configure:15746: result: yes
configure:15755: checking for SSL_CTX_new in -lssl
configure:15784: gcc -o conftest -g -O2   conftest.c -lssl   >&5
configure:15784: $? = 0
configure:15796: result: yes
configure:15825: checking whether libssl requires threading callbacks
configure:15843: gcc -c -g -O2  conftest.c >&5
configure:15843: $? = 0
configure:15845: result: no
configure:15890: checking for main in -lwsock32
configure:15910: gcc -o conftest -g -O2   conftest.c -lwsock32   >&5
/usr/bin/ld: cannot find -lwsock32: No such file or directory
collect2: error: ld returned 1 exit status
configure:15910: $? = 1
configure: failed program was:
| /* confdefs.h */
| #define PACKAGE_NAME "guacamole-server"
| #define PACKAGE_TARNAME "guacamole-server"
| #define PACKAGE_VERSION "1.5.5"
| #define PACKAGE_STRING "guacamole-server 1.5.5"
| #define PACKAGE_BUGREPORT ""
| #define PACKAGE_URL ""
| #define PACKAGE "guacamole-server"
| #define VERSION "1.5.5"
| #define HAVE_STDIO_H 1
| #define HAVE_STDLIB_H 1
| #define HAVE_STRING_H 1
| #define HAVE_INTTYPES_H 1
| #define HAVE_STDINT_H 1
| #define HAVE_STRINGS_H 1
| #define HAVE_SYS_STAT_H 1
| #define HAVE_SYS_TYPES_H 1
| #define HAVE_UNISTD_H 1
| #define STDC_HEADERS 1
| #define HAVE_DLFCN_H 1
| #define LT_OBJDIR ".libs/"
| #define HAVE_FCNTL_H 1
| #define HAVE_STDLIB_H 1
| #define HAVE_STRING_H 1
| #define HAVE_SYS_SOCKET_H 1
| #define HAVE_TIME_H 1
| #define HAVE_SYS_TIME_H 1
| #define HAVE_SYSLOG_H 1
| #define HAVE_UNISTD_H 1
| #define HAVE_CAIRO_CAIRO_H 1
| #define _XOPEN_SOURCE 700
| #define __BSD_VISIBLE 1
| #define HAVE_LIBPTHREAD /**/
| #define HAVE_LIBUUID /**/
| #define HAVE_CLOCK_GETTIME 1
| #define HAVE_GETTIMEOFDAY 1
| #define HAVE_MEMMOVE 1
| #define HAVE_MEMSET 1
| #define HAVE_SELECT 1
| #define HAVE_STRDUP 1
| #define HAVE_NANOSLEEP 1
| #define HAVE_PNG_GET_IO_PTR /**/
| #define HAVE_CAIRO_FORMAT_STRIDE_FOR_WIDTH /**/
| #define HAVE_POLL /**/
| #define GUACD_CONF_FILE "/etc/guacamole/guacd.conf"
| #define ENABLE_SSL /**/
| /* end confdefs.h.  */
| 
| 
| int
| main (void)
| {
| return main ();
|   ;
|   return 0;
| }
configure:15922: result: no
configure:15968: checking for vorbis/vorbisenc.h
configure:15968: gcc -c -g -O2  conftest.c >&5
configure:15968: $? = 0
configure:15968: result: yes
configure:15977: checking for ogg_stream_init in -logg
configure:16006: gcc -o conftest -g -O2   conftest.c -logg   >&5
configure:16006: $? = 0
configure:16018: result: yes
configure:16028: checking for vorbis_block_init in -lvorbis
configure:16057: gcc -o conftest -g -O2   conftest.c -lvorbis   >&5
configure:16057: $? = 0
configure:16069: result: yes
configure:16079: checking for vorbis_encode_init in -lvorbisenc
configure:16108: gcc -o conftest -g -O2   conftest.c -lvorbisenc   >&5
configure:16108: $? = 0
configure:16120: result: yes
configure:16181: checking for pa_context_new in -lpulse
configure:16210: gcc -o conftest -g -O2   conftest.c -lpulse   >&5
configure:16210: $? = 0
configure:16222: result: yes
configure:16283: checking for pango
configure:16290: $PKG_CONFIG --exists --print-errors "pango"
configure:16293: $? = 0
configure:16307: $PKG_CONFIG --exists --print-errors "pango"
configure:16310: $? = 0
configure:16348: result: yes
configure:16354: checking for pangocairo
configure:16361: $PKG_CONFIG --exists --print-errors "pangocairo"
configure:16364: $? = 0
configure:16378: $PKG_CONFIG --exists --print-errors "pangocairo"
configure:16381: $? = 0
configure:16419: result: yes
configure:16479: checking for rfbInitClient in -lvncclient
configure:16508: gcc -o conftest -g -O2   conftest.c -lvncclient   >&5
configure:16508: $? = 0
configure:16520: result: yes
configure:16540: checking whether LIBVNCSERVER_WITH_CLIENT_GCRYPT is declared
configure:16540: gcc -c -g -O2   conftest.c >&5
conftest.c: In function 'main':
conftest.c:59:10: error: 'LIBVNCSERVER_WITH_CLIENT_GCRYPT' undeclared (first use in this function); did you mean 'LIBVNCSERVER_HAVE_LIBGCRYPT'?
   59 |   (void) LIBVNCSERVER_WITH_CLIENT_GCRYPT;
      |          ^~~~~~~~~~~~~~~~~~~~~~~~~~~~~~~
      |          LIBVNCSERVER_HAVE_LIBGCRYPT
conftest.c:59:10: note: each undeclared identifier is reported only once for each function it appears in
configure:16540: $? = 1
configure: failed program was:
| /* confdefs.h */
| #define PACKAGE_NAME "guacamole-server"
| #define PACKAGE_TARNAME "guacamole-server"
| #define PACKAGE_VERSION "1.5.5"
| #define PACKAGE_STRING "guacamole-server 1.5.5"
| #define PACKAGE_BUGREPORT ""
| #define PACKAGE_URL ""
| #define PACKAGE "guacamole-server"
| #define VERSION "1.5.5"
| #define HAVE_STDIO_H 1
| #define HAVE_STDLIB_H 1
| #define HAVE_STRING_H 1
| #define HAVE_INTTYPES_H 1
| #define HAVE_STDINT_H 1
| #define HAVE_STRINGS_H 1
| #define HAVE_SYS_STAT_H 1
| #define HAVE_SYS_TYPES_H 1
| #define HAVE_UNISTD_H 1
| #define STDC_HEADERS 1
| #define HAVE_DLFCN_H 1
| #define LT_OBJDIR ".libs/"
| #define HAVE_FCNTL_H 1
| #define HAVE_STDLIB_H 1
| #define HAVE_STRING_H 1
| #define HAVE_SYS_SOCKET_H 1
| #define HAVE_TIME_H 1
| #define HAVE_SYS_TIME_H 1
| #define HAVE_SYSLOG_H 1
| #define HAVE_UNISTD_H 1
| #define HAVE_CAIRO_CAIRO_H 1
| #define _XOPEN_SOURCE 700
| #define __BSD_VISIBLE 1
| #define HAVE_LIBPTHREAD /**/
| #define HAVE_LIBUUID /**/
| #define HAVE_CLOCK_GETTIME 1
| #define HAVE_GETTIMEOFDAY 1
| #define HAVE_MEMMOVE 1
| #define HAVE_MEMSET 1
| #define HAVE_SELECT 1
| #define HAVE_STRDUP 1
| #define HAVE_NANOSLEEP 1
| #define HAVE_PNG_GET_IO_PTR /**/
| #define HAVE_CAIRO_FORMAT_STRIDE_FOR_WIDTH /**/
| #define HAVE_POLL /**/
| #define GUACD_CONF_FILE "/etc/guacamole/guacd.conf"
| #define ENABLE_SSL /**/
| #define ENABLE_OGG /**/
| #define ENABLE_PULSE /**/
| /* end confdefs.h.  */
| #include <rfb/rfbconfig.h>
| 
| int
| main (void)
| {
| #ifndef LIBVNCSERVER_WITH_CLIENT_GCRYPT
| #ifdef __cplusplus
|   (void) LIBVNCSERVER_WITH_CLIENT_GCRYPT;
| #else
|   (void) LIBVNCSERVER_WITH_CLIENT_GCRYPT;
| #endif
| #endif
| 
|   ;
|   return 0;
| }
configure:16540: result: no
configure:16587: checking for rfbClient.destHost
configure:16587: gcc -c -g -O2  conftest.c >&5
configure:16587: $? = 0
configure:16587: result: yes
configure:16599: checking for rfbClient.destPort
configure:16599: gcc -c -g -O2  conftest.c >&5
configure:16599: $? = 0
configure:16599: result: yes
configure:16641: checking whether listenForIncomingConnectionsNoFork is declared
configure:16641: gcc -c -g -O2   conftest.c >&5
configure:16641: $? = 0
configure:16641: result: yes
configure:16679: checking for rfbClient.LockWriteToTLS
configure:16679: gcc -c -g -O2  conftest.c >&5
configure:16679: $? = 0
configure:16679: result: yes
configure:16691: checking for rfbClient.UnlockWriteToTLS
configure:16691: gcc -c -g -O2  conftest.c >&5
configure:16691: $? = 0
configure:16691: result: yes
configure:16736: checking for rfbClient.GetCredential
configure:16736: gcc -c -g -O2  conftest.c >&5
configure:16736: $? = 0
configure:16736: result: yes
configure:16806: checking for freerdp2 freerdp-client2 winpr2
configure:16813: $PKG_CONFIG --exists --print-errors "freerdp2 freerdp-client2 winpr2"
configure:16816: $? = 0
configure:16830: $PKG_CONFIG --exists --print-errors "freerdp2 freerdp-client2 winpr2"
configure:16833: $? = 0
configure:16891: result: yes
configure:16907: checking whether FreeRDPConvertColor is declared
configure:16907: gcc -c -g -O2  -I/usr/include/freerdp2/ -I/usr/include/winpr2 -Werror  conftest.c >&5
configure:16907: $? = 0
configure:16907: result: yes
configure:16933: checking whether FreeRDP appears to be a development version
configure:16940: checking how to run the C preprocessor
configure:16966: gcc -E -I/usr/include/freerdp2/ -I/usr/include/winpr2 -Werror  conftest.c
configure:16966: $? = 0
configure:16982: gcc -E -I/usr/include/freerdp2/ -I/usr/include/winpr2 -Werror  conftest.c
conftest.c:60:10: fatal error: ac_nonexistent.h: No such file or directory
   60 | #include <ac_nonexistent.h>
      |          ^~~~~~~~~~~~~~~~~~
compilation terminated.
configure:16982: $? = 1
configure: failed program was:
| /* confdefs.h */
| #define PACKAGE_NAME "guacamole-server"
| #define PACKAGE_TARNAME "guacamole-server"
| #define PACKAGE_VERSION "1.5.5"
| #define PACKAGE_STRING "guacamole-server 1.5.5"
| #define PACKAGE_BUGREPORT ""
| #define PACKAGE_URL ""
| #define PACKAGE "guacamole-server"
| #define VERSION "1.5.5"
| #define HAVE_STDIO_H 1
| #define HAVE_STDLIB_H 1
| #define HAVE_STRING_H 1
| #define HAVE_INTTYPES_H 1
| #define HAVE_STDINT_H 1
| #define HAVE_STRINGS_H 1
| #define HAVE_SYS_STAT_H 1
| #define HAVE_SYS_TYPES_H 1
| #define HAVE_UNISTD_H 1
| #define STDC_HEADERS 1
| #define HAVE_DLFCN_H 1
| #define LT_OBJDIR ".libs/"
| #define HAVE_FCNTL_H 1
| #define HAVE_STDLIB_H 1
| #define HAVE_STRING_H 1
| #define HAVE_SYS_SOCKET_H 1
| #define HAVE_TIME_H 1
| #define HAVE_SYS_TIME_H 1
| #define HAVE_SYSLOG_H 1
| #define HAVE_UNISTD_H 1
| #define HAVE_CAIRO_CAIRO_H 1
| #define _XOPEN_SOURCE 700
| #define __BSD_VISIBLE 1
| #define HAVE_LIBPTHREAD /**/
| #define HAVE_LIBUUID /**/
| #define HAVE_CLOCK_GETTIME 1
| #define HAVE_GETTIMEOFDAY 1
| #define HAVE_MEMMOVE 1
| #define HAVE_MEMSET 1
| #define HAVE_SELECT 1
| #define HAVE_STRDUP 1
| #define HAVE_NANOSLEEP 1
| #define HAVE_PNG_GET_IO_PTR /**/
| #define HAVE_CAIRO_FORMAT_STRIDE_FOR_WIDTH /**/
| #define HAVE_POLL /**/
| #define GUACD_CONF_FILE "/etc/guacamole/guacd.conf"
| #define ENABLE_SSL /**/
| #define ENABLE_OGG /**/
| #define ENABLE_PULSE /**/
| #define HAVE_RFBCLIENT_DESTHOST 1
| #define HAVE_RFBCLIENT_DESTPORT 1
| #define ENABLE_VNC_REPEATER /**/
| #define ENABLE_VNC_LISTEN /**/
| #define HAVE_RFBCLIENT_LOCKWRITETOTLS 1
| #define HAVE_RFBCLIENT_UNLOCKWRITETOTLS 1
| #define ENABLE_VNC_TLS_LOCKING /**/
| #define HAVE_RFBCLIENT_GETCREDENTIAL 1
| #define ENABLE_VNC_GENERIC_CREDENTIALS /**/
| #define HAVE_FREERDPCONVERTCOLOR /**/
| /* end confdefs.h.  */
| #include <ac_nonexistent.h>
configure:17011: result: gcc -E
configure:17025: gcc -E -I/usr/include/freerdp2/ -I/usr/include/winpr2 -Werror  conftest.c
configure:17025: $? = 0
configure:17041: gcc -E -I/usr/include/freerdp2/ -I/usr/include/winpr2 -Werror  conftest.c
conftest.c:60:10: fatal error: ac_nonexistent.h: No such file or directory
   60 | #include <ac_nonexistent.h>
      |          ^~~~~~~~~~~~~~~~~~
compilation terminated.
configure:17041: $? = 1
configure: failed program was:
| /* confdefs.h */
| #define PACKAGE_NAME "guacamole-server"
| #define PACKAGE_TARNAME "guacamole-server"
| #define PACKAGE_VERSION "1.5.5"
| #define PACKAGE_STRING "guacamole-server 1.5.5"
| #define PACKAGE_BUGREPORT ""
| #define PACKAGE_URL ""
| #define PACKAGE "guacamole-server"
| #define VERSION "1.5.5"
| #define HAVE_STDIO_H 1
| #define HAVE_STDLIB_H 1
| #define HAVE_STRING_H 1
| #define HAVE_INTTYPES_H 1
| #define HAVE_STDINT_H 1
| #define HAVE_STRINGS_H 1
| #define HAVE_SYS_STAT_H 1
| #define HAVE_SYS_TYPES_H 1
| #define HAVE_UNISTD_H 1
| #define STDC_HEADERS 1
| #define HAVE_DLFCN_H 1
| #define LT_OBJDIR ".libs/"
| #define HAVE_FCNTL_H 1
| #define HAVE_STDLIB_H 1
| #define HAVE_STRING_H 1
| #define HAVE_SYS_SOCKET_H 1
| #define HAVE_TIME_H 1
| #define HAVE_SYS_TIME_H 1
| #define HAVE_SYSLOG_H 1
| #define HAVE_UNISTD_H 1
| #define HAVE_CAIRO_CAIRO_H 1
| #define _XOPEN_SOURCE 700
| #define __BSD_VISIBLE 1
| #define HAVE_LIBPTHREAD /**/
| #define HAVE_LIBUUID /**/
| #define HAVE_CLOCK_GETTIME 1
| #define HAVE_GETTIMEOFDAY 1
| #define HAVE_MEMMOVE 1
| #define HAVE_MEMSET 1
| #define HAVE_SELECT 1
| #define HAVE_STRDUP 1
| #define HAVE_NANOSLEEP 1
| #define HAVE_PNG_GET_IO_PTR /**/
| #define HAVE_CAIRO_FORMAT_STRIDE_FOR_WIDTH /**/
| #define HAVE_POLL /**/
| #define GUACD_CONF_FILE "/etc/guacamole/guacd.conf"
| #define ENABLE_SSL /**/
| #define ENABLE_OGG /**/
| #define ENABLE_PULSE /**/
| #define HAVE_RFBCLIENT_DESTHOST 1
| #define HAVE_RFBCLIENT_DESTPORT 1
| #define ENABLE_VNC_REPEATER /**/
| #define ENABLE_VNC_LISTEN /**/
| #define HAVE_RFBCLIENT_LOCKWRITETOTLS 1
| #define HAVE_RFBCLIENT_UNLOCKWRITETOTLS 1
| #define ENABLE_VNC_TLS_LOCKING /**/
| #define HAVE_RFBCLIENT_GETCREDENTIAL 1
| #define ENABLE_VNC_GENERIC_CREDENTIALS /**/
| #define HAVE_FREERDPCONVERTCOLOR /**/
| /* end confdefs.h.  */
| #include <ac_nonexistent.h>
configure:17074: checking for egrep -e
configure:17204: result: /usr/bin/grep -E
configure:17220: result: no
configure:17254: checking whether Bitmap_Free() frees the rdpBitmap and its image data
configure:17274: result: no
configure:17291: checking whether pVirtualChannelWriteEx() frees the wStream upon completion
configure:17311: result: no
configure:17326: checking whether rdpGlyph callbacks accept INT32 integer parameters
configure:17350: gcc -c -g -O2 -I/usr/include/freerdp2/ -I/usr/include/winpr2 -Werror  conftest.c >&5
configure:17350: $? = 0
configure:17352: result: yes
configure:17371: checking whether CLIPRDR callbacks require const for their final parameter
configure:17393: gcc -c -g -O2 -I/usr/include/freerdp2/ -I/usr/include/winpr2 -Werror  conftest.c >&5
configure:17393: $? = 0
configure:17395: result: yes
configure:17414: checking whether RAIL callbacks require const for their final parameter
configure:17436: gcc -c -g -O2 -I/usr/include/freerdp2/ -I/usr/include/winpr2 -Werror  conftest.c >&5
configure:17436: $? = 0
configure:17438: result: yes
configure:17455: checking for rdpSettings.AllowUnanouncedOrdersFromServer
configure:17455: gcc -c -g -O2 -I/usr/include/freerdp2/ -I/usr/include/winpr2 -Werror  conftest.c >&5
configure:17455: $? = 0
configure:17455: result: yes
configure:17489: checking for freerdp.VerifyCertificateEx
configure:17489: gcc -c -g -O2 -I/usr/include/freerdp2/ -I/usr/include/winpr2 -Werror  conftest.c >&5
configure:17489: $? = 0
configure:17489: result: yes
configure:17542: checking for libssh2_userauth_publickey_frommemory in -lssh2
configure:17571: gcc -o conftest -g -O2   conftest.c -lssh2   >&5
configure:17571: $? = 0
configure:17583: result: yes
configure:17631: checking for gcry_control in -lssh2
configure:17660: gcc -o conftest -g -O2   conftest.c -lssh2   >&5
/usr/bin/ld: /tmp/ccVi1eC9.o: in function `main':
/home/ubuntu/guacamole/guacamole-server-1.5.5/conftest.c:80: undefined reference to `gcry_control'
collect2: error: ld returned 1 exit status
configure:17660: $? = 1
configure: failed program was:
| /* confdefs.h */
| #define PACKAGE_NAME "guacamole-server"
| #define PACKAGE_TARNAME "guacamole-server"
| #define PACKAGE_VERSION "1.5.5"
| #define PACKAGE_STRING "guacamole-server 1.5.5"
| #define PACKAGE_BUGREPORT ""
| #define PACKAGE_URL ""
| #define PACKAGE "guacamole-server"
| #define VERSION "1.5.5"
| #define HAVE_STDIO_H 1
| #define HAVE_STDLIB_H 1
| #define HAVE_STRING_H 1
| #define HAVE_INTTYPES_H 1
| #define HAVE_STDINT_H 1
| #define HAVE_STRINGS_H 1
| #define HAVE_SYS_STAT_H 1
| #define HAVE_SYS_TYPES_H 1
| #define HAVE_UNISTD_H 1
| #define STDC_HEADERS 1
| #define HAVE_DLFCN_H 1
| #define LT_OBJDIR ".libs/"
| #define HAVE_FCNTL_H 1
| #define HAVE_STDLIB_H 1
| #define HAVE_STRING_H 1
| #define HAVE_SYS_SOCKET_H 1
| #define HAVE_TIME_H 1
| #define HAVE_SYS_TIME_H 1
| #define HAVE_SYSLOG_H 1
| #define HAVE_UNISTD_H 1
| #define HAVE_CAIRO_CAIRO_H 1
| #define _XOPEN_SOURCE 700
| #define __BSD_VISIBLE 1
| #define HAVE_LIBPTHREAD /**/
| #define HAVE_LIBUUID /**/
| #define HAVE_CLOCK_GETTIME 1
| #define HAVE_GETTIMEOFDAY 1
| #define HAVE_MEMMOVE 1
| #define HAVE_MEMSET 1
| #define HAVE_SELECT 1
| #define HAVE_STRDUP 1
| #define HAVE_NANOSLEEP 1
| #define HAVE_PNG_GET_IO_PTR /**/
| #define HAVE_CAIRO_FORMAT_STRIDE_FOR_WIDTH /**/
| #define HAVE_POLL /**/
| #define GUACD_CONF_FILE "/etc/guacamole/guacd.conf"
| #define ENABLE_SSL /**/
| #define ENABLE_OGG /**/
| #define ENABLE_PULSE /**/
| #define HAVE_RFBCLIENT_DESTHOST 1
| #define HAVE_RFBCLIENT_DESTPORT 1
| #define ENABLE_VNC_REPEATER /**/
| #define ENABLE_VNC_LISTEN /**/
| #define HAVE_RFBCLIENT_LOCKWRITETOTLS 1
| #define HAVE_RFBCLIENT_UNLOCKWRITETOTLS 1
| #define ENABLE_VNC_TLS_LOCKING /**/
| #define HAVE_RFBCLIENT_GETCREDENTIAL 1
| #define ENABLE_VNC_GENERIC_CREDENTIALS /**/
| #define HAVE_FREERDPCONVERTCOLOR /**/
| #define FREERDP_GLYPH_CALLBACKS_ACCEPT_INT32 /**/
| #define FREERDP_CLIPRDR_CALLBACKS_REQUIRE_CONST /**/
| #define FREERDP_RAIL_CALLBACKS_REQUIRE_CONST /**/
| #define HAVE_RDPSETTINGS_ALLOWUNANOUNCEDORDERSFROMSERVER 1
| #define HAVE_FREERDP_VERIFYCERTIFICATEEX 1
| #define ENABLE_COMMON_SSH /**/
| /* end confdefs.h.  */
| 
| /* Override any GCC internal prototype to avoid an error.
|    Use char because int might match the return type of a GCC
|    builtin and then its argument prototype would still apply.
|    The 'extern "C"' is for builds by C++ compilers;
|    although this is not generally supported in C code supporting it here
|    has little cost and some practical benefit (sr 110532).  */
| #ifdef __cplusplus
| extern "C"
| #endif
| char gcry_control (void);
| int
| main (void)
| {
| return gcry_control ();
|   ;
|   return 0;
| }
configure:17672: result: no
configure:17762: checking for telnet_init in -ltelnet
configure:17791: gcc -o conftest -g -O2   conftest.c -ltelnet   >&5
configure:17791: $? = 0
configure:17803: result: yes
configure:17848: checking for webp/encode.h
configure:17848: gcc -c -g -O2  conftest.c >&5
configure:17848: $? = 0
configure:17848: result: yes
configure:17857: checking for WebPEncode in -lwebp
configure:17886: gcc -o conftest -g -O2   conftest.c -lwebp   >&5
configure:17886: $? = 0
configure:17898: result: yes
configure:17958: checking for lws_create_context in -lwebsockets
configure:17987: gcc -o conftest -g -O2   conftest.c -lwebsockets   >&5
configure:17987: $? = 0
configure:17999: result: yes
configure:18027: checking whether LWS_CALLBACK_CLIENT_CLOSED is declared
configure:18027: gcc -c -g -O2   conftest.c >&5
configure:18027: $? = 0
configure:18027: result: yes
configure:18039: checking whether LWS_SERVER_OPTION_DO_SSL_GLOBAL_INIT is declared
configure:18039: gcc -c -g -O2   conftest.c >&5
configure:18039: $? = 0
configure:18039: result: yes
configure:18050: checking whether LCCSCF_USE_SSL is declared
configure:18050: gcc -c -g -O2   conftest.c >&5
configure:18050: $? = 0
configure:18050: result: yes
configure:18062: checking whether lws_callback_http_dummy is declared
configure:18062: gcc -c -g -O2   conftest.c >&5
configure:18062: $? = 0
configure:18062: result: yes
configure:18290: checking that generated files are newer than configure
configure:18296: result: done
configure:18415: creating ./config.status

## ---------------------- ##
## Running config.status. ##
## ---------------------- ##

This file was extended by guacamole-server config.status 1.5.5, which was
generated by GNU Autoconf 2.72.  Invocation command line was

  CONFIG_FILES    = 
  CONFIG_HEADERS  = 
  CONFIG_LINKS    = 
  CONFIG_COMMANDS = 
  $ ./config.status 

on ip-172-31-23-89

config.status:1260: creating Makefile
config.status:1260: creating doc/libguac/Doxyfile
config.status:1260: creating doc/libguac-terminal/Doxyfile
config.status:1260: creating src/common/Makefile
config.status:1260: creating src/common/tests/Makefile
config.status:1260: creating src/common-ssh/Makefile
config.status:1260: creating src/common-ssh/tests/Makefile
config.status:1260: creating src/terminal/Makefile
config.status:1260: creating src/libguac/Makefile
config.status:1260: creating src/libguac/tests/Makefile
config.status:1260: creating src/guacd/Makefile
config.status:1260: creating src/guacd/man/guacd.8
config.status:1260: creating src/guacd/man/guacd.conf.5
config.status:1260: creating src/guacenc/Makefile
config.status:1260: creating src/guacenc/man/guacenc.1
config.status:1260: creating src/guaclog/Makefile
config.status:1260: creating src/guaclog/man/guaclog.1
config.status:1260: creating src/pulse/Makefile
config.status:1260: creating src/protocols/kubernetes/Makefile
config.status:1260: creating src/protocols/kubernetes/tests/Makefile
config.status:1260: creating src/protocols/rdp/Makefile
config.status:1260: creating src/protocols/rdp/tests/Makefile
config.status:1260: creating src/protocols/ssh/Makefile
config.status:1260: creating src/protocols/telnet/Makefile
config.status:1260: creating src/protocols/vnc/Makefile
config.status:1260: creating config.h
config.status:1441: config.h is unchanged
config.status:1489: executing depfiles commands
config.status:1566: cd src/common       && sed -e '/# am--include-marker/d' Makefile         | make -f - am--depfiles
config.status:1571: $? = 0
config.status:1566: cd src/common/tests       && sed -e '/# am--include-marker/d' Makefile         | make -f - am--depfiles
config.status:1571: $? = 0
config.status:1566: cd src/common-ssh       && sed -e '/# am--include-marker/d' Makefile         | make -f - am--depfiles
config.status:1571: $? = 0
config.status:1566: cd src/common-ssh/tests       && sed -e '/# am--include-marker/d' Makefile         | make -f - am--depfiles
config.status:1571: $? = 0
config.status:1566: cd src/terminal       && sed -e '/# am--include-marker/d' Makefile         | make -f - am--depfiles
config.status:1571: $? = 0
config.status:1566: cd src/libguac       && sed -e '/# am--include-marker/d' Makefile         | make -f - am--depfiles
config.status:1571: $? = 0
config.status:1566: cd src/libguac/tests       && sed -e '/# am--include-marker/d' Makefile         | make -f - am--depfiles
config.status:1571: $? = 0
config.status:1566: cd src/guacd       && sed -e '/# am--include-marker/d' Makefile         | make -f - am--depfiles
config.status:1571: $? = 0
config.status:1566: cd src/guacenc       && sed -e '/# am--include-marker/d' Makefile         | make -f - am--depfiles
config.status:1571: $? = 0
config.status:1566: cd src/guaclog       && sed -e '/# am--include-marker/d' Makefile         | make -f - am--depfiles
config.status:1571: $? = 0
config.status:1566: cd src/pulse       && sed -e '/# am--include-marker/d' Makefile         | make -f - am--depfiles
config.status:1571: $? = 0
config.status:1566: cd src/protocols/kubernetes       && sed -e '/# am--include-marker/d' Makefile         | make -f - am--depfiles
config.status:1571: $? = 0
config.status:1566: cd src/protocols/kubernetes/tests       && sed -e '/# am--include-marker/d' Makefile         | make -f - am--depfiles
config.status:1571: $? = 0
config.status:1566: cd src/protocols/rdp       && sed -e '/# am--include-marker/d' Makefile         | make -f - am--depfiles
config.status:1571: $? = 0
config.status:1566: cd src/protocols/rdp/tests       && sed -e '/# am--include-marker/d' Makefile         | make -f - am--depfiles
config.status:1571: $? = 0
config.status:1566: cd src/protocols/ssh       && sed -e '/# am--include-marker/d' Makefile         | make -f - am--depfiles
config.status:1571: $? = 0
config.status:1566: cd src/protocols/telnet       && sed -e '/# am--include-marker/d' Makefile         | make -f - am--depfiles
config.status:1571: $? = 0
config.status:1566: cd src/protocols/vnc       && sed -e '/# am--include-marker/d' Makefile         | make -f - am--depfiles
config.status:1571: $? = 0
config.status:1489: executing libtool commands

## ---------------- ##
## Cache variables. ##
## ---------------- ##

ac_cv_build=x86_64-pc-linux-gnu
ac_cv_c_compiler_gnu=yes
ac_cv_c_undeclared_builtin_options='none needed'
ac_cv_env_AVCODEC_CFLAGS_set=
ac_cv_env_AVCODEC_CFLAGS_value=
ac_cv_env_AVCODEC_LIBS_set=
ac_cv_env_AVCODEC_LIBS_value=
ac_cv_env_AVFORMAT_CFLAGS_set=
ac_cv_env_AVFORMAT_CFLAGS_value=
ac_cv_env_AVFORMAT_LIBS_set=
ac_cv_env_AVFORMAT_LIBS_value=
ac_cv_env_AVUTIL_CFLAGS_set=
ac_cv_env_AVUTIL_CFLAGS_value=
ac_cv_env_AVUTIL_LIBS_set=
ac_cv_env_AVUTIL_LIBS_value=
ac_cv_env_CC_set=
ac_cv_env_CC_value=
ac_cv_env_CFLAGS_set=
ac_cv_env_CFLAGS_value=
ac_cv_env_CPPFLAGS_set=
ac_cv_env_CPPFLAGS_value=
ac_cv_env_CPP_set=
ac_cv_env_CPP_value=
ac_cv_env_LDFLAGS_set=
ac_cv_env_LDFLAGS_value=
ac_cv_env_LIBS_set=
ac_cv_env_LIBS_value=
ac_cv_env_LT_SYS_LIBRARY_PATH_set=
ac_cv_env_LT_SYS_LIBRARY_PATH_value=
ac_cv_env_PANGOCAIRO_CFLAGS_set=
ac_cv_env_PANGOCAIRO_CFLAGS_value=
ac_cv_env_PANGOCAIRO_LIBS_set=
ac_cv_env_PANGOCAIRO_LIBS_value=
ac_cv_env_PANGO_CFLAGS_set=
ac_cv_env_PANGO_CFLAGS_value=
ac_cv_env_PANGO_LIBS_set=
ac_cv_env_PANGO_LIBS_value=
ac_cv_env_PKG_CONFIG_LIBDIR_set=
ac_cv_env_PKG_CONFIG_LIBDIR_value=
ac_cv_env_PKG_CONFIG_PATH_set=
ac_cv_env_PKG_CONFIG_PATH_value=
ac_cv_env_PKG_CONFIG_set=
ac_cv_env_PKG_CONFIG_value=
ac_cv_env_RDP_CFLAGS_set=
ac_cv_env_RDP_CFLAGS_value=
ac_cv_env_RDP_LIBS_set=
ac_cv_env_RDP_LIBS_value=
ac_cv_env_SWSCALE_CFLAGS_set=
ac_cv_env_SWSCALE_CFLAGS_value=
ac_cv_env_SWSCALE_LIBS_set=
ac_cv_env_SWSCALE_LIBS_value=
ac_cv_env_build_alias_set=
ac_cv_env_build_alias_value=
ac_cv_env_host_alias_set=
ac_cv_env_host_alias_value=
ac_cv_env_target_alias_set=
ac_cv_env_target_alias_value=
ac_cv_func_clock_gettime=yes
ac_cv_func_dlopen=yes
ac_cv_func_gettimeofday=yes
ac_cv_func_memmove=yes
ac_cv_func_memset=yes
ac_cv_func_nanosleep=yes
ac_cv_func_select=yes
ac_cv_func_shl_load=no
ac_cv_func_strdup=yes
ac_cv_func_timer_create=yes
ac_cv_have_decl_FreeRDPConvertColor=yes
ac_cv_have_decl_LCCSCF_USE_SSL=yes
ac_cv_have_decl_LIBVNCSERVER_WITH_CLIENT_GCRYPT=no
ac_cv_have_decl_LWS_CALLBACK_CLIENT_CLOSED=yes
ac_cv_have_decl_LWS_SERVER_OPTION_DO_SSL_GLOBAL_INIT=yes
ac_cv_have_decl_cairo_format_stride_for_width=yes
ac_cv_have_decl_listenForIncomingConnectionsNoFork=yes
ac_cv_have_decl_lws_callback_http_dummy=yes
ac_cv_have_decl_png_get_io_ptr=yes
ac_cv_have_decl_poll=yes
ac_cv_have_decl_strlcat=no
ac_cv_have_decl_strlcpy=no
ac_cv_have_decl_strnstr=no
ac_cv_header_cairo_cairo_h=yes
ac_cv_header_dlfcn_h=yes
ac_cv_header_fcntl_h=yes
ac_cv_header_inttypes_h=yes
ac_cv_header_openssl_ssl_h=yes
ac_cv_header_pngstruct_h=no
ac_cv_header_stdint_h=yes
ac_cv_header_stdio_h=yes
ac_cv_header_stdlib_h=yes
ac_cv_header_string_h=yes
ac_cv_header_strings_h=yes
ac_cv_header_sys_socket_h=yes
ac_cv_header_sys_stat_h=yes
ac_cv_header_sys_time_h=yes
ac_cv_header_sys_types_h=yes
ac_cv_header_syslog_h=yes
ac_cv_header_time_h=yes
ac_cv_header_unistd_h=yes
ac_cv_header_vorbis_vorbisenc_h=yes
ac_cv_header_webp_encode_h=yes
ac_cv_host=x86_64-pc-linux-gnu
ac_cv_lib_cairo_cairo_create=yes
ac_cv_lib_cunit_CU_run_test=no
ac_cv_lib_dl_dlopen=yes
ac_cv_lib_dld_shl_load=no
ac_cv_lib_jpeg_jpeg_start_compress=yes
ac_cv_lib_m_cos=yes
ac_cv_lib_ogg_ogg_stream_init=yes
ac_cv_lib_png_png_write_png=yes
ac_cv_lib_pthread_pthread_create=yes
ac_cv_lib_pulse_pa_context_new=yes
ac_cv_lib_ssh2_gcry_control=no
ac_cv_lib_ssh2_libssh2_userauth_publickey_frommemory=yes
ac_cv_lib_ssl_SSL_CTX_new=yes
ac_cv_lib_telnet_telnet_init=yes
ac_cv_lib_uuid_uuid_generate=yes
ac_cv_lib_vncclient_rfbInitClient=yes
ac_cv_lib_vorbis_vorbis_block_init=yes
ac_cv_lib_vorbisenc_vorbis_encode_init=yes
ac_cv_lib_webp_WebPEncode=yes
ac_cv_lib_websockets_lws_create_context=yes
ac_cv_lib_wsock32_main=no
ac_cv_member_freerdp_VerifyCertificateEx=yes
ac_cv_member_rdpSettings_AllowUnanouncedOrdersFromServer=yes
ac_cv_member_rfbClient_GetCredential=yes
ac_cv_member_rfbClient_LockWriteToTLS=yes
ac_cv_member_rfbClient_UnlockWriteToTLS=yes
ac_cv_member_rfbClient_destHost=yes
ac_cv_member_rfbClient_destPort=yes
ac_cv_objext=o
ac_cv_path_EGREP='/usr/bin/grep -E'
ac_cv_path_EGREP_TRADITIONAL='/usr/bin/grep -E'
ac_cv_path_FGREP='/usr/bin/grep -F'
ac_cv_path_GREP=/usr/bin/grep
ac_cv_path_SED=/usr/bin/sed
ac_cv_path_ac_pt_PKG_CONFIG=/usr/bin/pkg-config
ac_cv_path_install='/usr/bin/install -c'
ac_cv_path_lt_DD=/usr/bin/dd
ac_cv_path_mkdir=/usr/bin/mkdir
ac_cv_prog_AWK=gawk
ac_cv_prog_CPP='gcc -E'
ac_cv_prog_ac_ct_AR=ar
ac_cv_prog_ac_ct_CC=gcc
ac_cv_prog_ac_ct_FILECMD=file
ac_cv_prog_ac_ct_MANIFEST_TOOL=mt
ac_cv_prog_ac_ct_OBJDUMP=objdump
ac_cv_prog_ac_ct_RANLIB=ranlib
ac_cv_prog_ac_ct_STRIP=strip
ac_cv_prog_cc_c11=
ac_cv_prog_cc_g=yes
ac_cv_prog_cc_stdc=
ac_cv_prog_make_make_set=yes
ac_cv_type_size_t=yes
ac_cv_type_ssize_t=yes
am_cv_CC_dependencies_compiler_type=gcc3
am_cv_make_support_nested_variables=yes
am_cv_prog_cc_c_o=yes
lt_cv_ar_at_file=@
lt_cv_archive_cmds_need_lc=no
lt_cv_deplibs_check_method=pass_all
lt_cv_dlopen=dlopen
lt_cv_dlopen_libs=
lt_cv_dlopen_self=yes
lt_cv_dlopen_self_static=no
lt_cv_file_magic_cmd='$MAGIC_CMD'
lt_cv_file_magic_test_file=
lt_cv_ld_reload_flag=-r
lt_cv_nm_interface='BSD nm'
lt_cv_objdir=.libs
lt_cv_path_LD=/usr/bin/ld
lt_cv_path_NM='/usr/bin/nm -B'
lt_cv_path_mainfest_tool=no
lt_cv_prog_compiler_c_o=yes
lt_cv_prog_compiler_pic='-fPIC -DPIC'
lt_cv_prog_compiler_pic_works=yes
lt_cv_prog_compiler_rtti_exceptions=no
lt_cv_prog_compiler_static_works=yes
lt_cv_prog_gnu_ld=yes
lt_cv_sharedlib_from_linklib_cmd='printf %s\n'
lt_cv_shlibpath_overrides_runpath=yes
lt_cv_sys_global_symbol_pipe='/usr/bin/sed -n -e '\''s/^.*[	 ]\([ABCDGIRSTW][ABCDGIRSTW]*\)[	 ][	 ]*\([_A-Za-z][_A-Za-z0-9]*\)$/\1 \2 \2/p'\'' | /usr/bin/sed '\''/ __gnu_lto/d'\'''
lt_cv_sys_global_symbol_to_c_name_address='/usr/bin/sed -n -e '\''s/^: \(.*\) .*$/  {"\1", (void *) 0},/p'\'' -e '\''s/^[ABCDGIRSTW][ABCDGIRSTW]* .* \(.*\)$/  {"\1", (void *) \&\1},/p'\'''
lt_cv_sys_global_symbol_to_c_name_address_lib_prefix='/usr/bin/sed -n -e '\''s/^: \(.*\) .*$/  {"\1", (void *) 0},/p'\'' -e '\''s/^[ABCDGIRSTW][ABCDGIRSTW]* .* \(lib.*\)$/  {"\1", (void *) \&\1},/p'\'' -e '\''s/^[ABCDGIRSTW][ABCDGIRSTW]* .* \(.*\)$/  {"lib\1", (void *) \&\1},/p'\'''
lt_cv_sys_global_symbol_to_cdecl='/usr/bin/sed -n -e '\''s/^T .* \(.*\)$/extern int \1();/p'\'' -e '\''s/^[ABCDGIRSTW][ABCDGIRSTW]* .* \(.*\)$/extern char \1;/p'\'''
lt_cv_sys_global_symbol_to_import=
lt_cv_sys_max_cmd_len=1572864
lt_cv_to_host_file_cmd=func_convert_file_noop
lt_cv_to_tool_file_cmd=func_convert_file_noop
lt_cv_truncate_bin='/usr/bin/dd bs=4096 count=1'
pkg_cv_AVCODEC_CFLAGS=-I/usr/include/x86_64-linux-gnu
pkg_cv_AVCODEC_LIBS=-lavcodec
pkg_cv_AVFORMAT_CFLAGS=-I/usr/include/x86_64-linux-gnu
pkg_cv_AVFORMAT_LIBS=-lavformat
pkg_cv_AVUTIL_CFLAGS=-I/usr/include/x86_64-linux-gnu
pkg_cv_AVUTIL_LIBS=-lavutil
pkg_cv_PANGOCAIRO_CFLAGS='-pthread -I/usr/include/pango-1.0 -I/usr/include/harfbuzz -I/usr/include/pango-1.0 -I/usr/include/libmount -I/usr/include/blkid -I/usr/include/fribidi -I/usr/include/harfbuzz -I/usr/include/cairo -I/usr/include/glib-2.0 -I/usr/lib/x86_64-linux-gnu/glib-2.0/include -I/usr/include/pixman-1 -I/usr/include/uuid -I/usr/include/freetype2 -I/usr/include/libpng16'
pkg_cv_PANGOCAIRO_LIBS='-lpangocairo-1.0 -lpango-1.0 -lgobject-2.0 -lglib-2.0 -lharfbuzz -lcairo'
pkg_cv_PANGO_CFLAGS='-pthread -I/usr/include/pango-1.0 -I/usr/include/libmount -I/usr/include/blkid -I/usr/include/fribidi -I/usr/include/cairo -I/usr/include/pixman-1 -I/usr/include/uuid -I/usr/include/harfbuzz -I/usr/include/glib-2.0 -I/usr/lib/x86_64-linux-gnu/glib-2.0/include -I/usr/include/freetype2 -I/usr/include/libpng16'
pkg_cv_PANGO_LIBS='-lpango-1.0 -lgobject-2.0 -lglib-2.0 -lharfbuzz'
pkg_cv_RDP_CFLAGS='-I/usr/include/freerdp2/ -I/usr/include/winpr2'
pkg_cv_RDP_LIBS='-lfreerdp2 -lfreerdp-client2 -lwinpr2'
pkg_cv_SWSCALE_CFLAGS=-I/usr/include/x86_64-linux-gnu
pkg_cv_SWSCALE_LIBS=-lswscale

## ----------------- ##
## Output variables. ##
## ----------------- ##

ACLOCAL='${SHELL} '\''/home/ubuntu/guacamole/guacamole-server-1.5.5/build-aux/missing'\'' aclocal-1.16'
AMDEPBACKSLASH='\'
AMDEP_FALSE='#'
AMDEP_TRUE=''
AMTAR='$${TAR-tar}'
AM_BACKSLASH='\'
AM_DEFAULT_V='$(AM_DEFAULT_VERBOSITY)'
AM_DEFAULT_VERBOSITY='0'
AM_V='$(V)'
AR='ar'
AUTOCONF='${SHELL} '\''/home/ubuntu/guacamole/guacamole-server-1.5.5/build-aux/missing'\'' autoconf'
AUTOHEADER='${SHELL} '\''/home/ubuntu/guacamole/guacamole-server-1.5.5/build-aux/missing'\'' autoheader'
AUTOMAKE='${SHELL} '\''/home/ubuntu/guacamole/guacamole-server-1.5.5/build-aux/missing'\'' automake-1.16'
AVCODEC_CFLAGS='-I/usr/include/x86_64-linux-gnu'
AVCODEC_LIBS='-lavcodec'
AVFORMAT_CFLAGS='-I/usr/include/x86_64-linux-gnu'
AVFORMAT_LIBS='-lavformat'
AVUTIL_CFLAGS='-I/usr/include/x86_64-linux-gnu'
AVUTIL_LIBS='-lavutil'
AWK='gawk'
CAIRO_LIBS='-lcairo'
CC='gcc'
CCDEPMODE='depmode=gcc3'
CFLAGS='-g -O2'
COMMON_INCLUDE='-I$(top_srcdir)/src/common'
COMMON_LTLIB='$(top_builddir)/src/common/libguac_common.la'
COMMON_SSH_INCLUDE='-I$(top_srcdir)/src/common-ssh'
COMMON_SSH_LTLIB='$(top_builddir)/src/common-ssh/libguac_common_ssh.la'
CPP='gcc -E'
CPPFLAGS=''
CSCOPE='cscope'
CTAGS='ctags'
CUNIT_LIBS=''
CYGPATH_W='echo'
DEFS='-DHAVE_CONFIG_H'
DEPDIR='.deps'
DLLTOOL='false'
DL_LIBS='-ldl'
DSYMUTIL=''
DUMPBIN=''
ECHO_C=''
ECHO_N='-n'
ECHO_T=''
EGREP='/usr/bin/grep -E'
ENABLE_AVCODEC_FALSE='#'
ENABLE_AVCODEC_TRUE=''
ENABLE_AVFORMAT_FALSE='#'
ENABLE_AVFORMAT_TRUE=''
ENABLE_AVUTIL_FALSE='#'
ENABLE_AVUTIL_TRUE=''
ENABLE_COMMON_SSH_FALSE='#'
ENABLE_COMMON_SSH_TRUE=''
ENABLE_GUACD_FALSE='#'
ENABLE_GUACD_TRUE=''
ENABLE_GUACENC_FALSE='#'
ENABLE_GUACENC_TRUE=''
ENABLE_GUACLOG_FALSE='#'
ENABLE_GUACLOG_TRUE=''
ENABLE_INIT_FALSE=''
ENABLE_INIT_TRUE='#'
ENABLE_KUBERNETES_FALSE='#'
ENABLE_KUBERNETES_TRUE=''
ENABLE_OGG_FALSE='#'
ENABLE_OGG_TRUE=''
ENABLE_PULSE_FALSE='#'
ENABLE_PULSE_TRUE=''
ENABLE_RDP_FALSE='#'
ENABLE_RDP_TRUE=''
ENABLE_SSH_AGENT_FALSE=''
ENABLE_SSH_AGENT_TRUE='#'
ENABLE_SSH_FALSE='#'
ENABLE_SSH_TRUE=''
ENABLE_SSL_FALSE='#'
ENABLE_SSL_TRUE=''
ENABLE_SWSCALE_FALSE='#'
ENABLE_SWSCALE_TRUE=''
ENABLE_SYSTEMD_FALSE=''
ENABLE_SYSTEMD_TRUE='#'
ENABLE_TELNET_FALSE='#'
ENABLE_TELNET_TRUE=''
ENABLE_TERMINAL_FALSE='#'
ENABLE_TERMINAL_TRUE=''
ENABLE_VNC_FALSE='#'
ENABLE_VNC_TRUE=''
ENABLE_WEBP_FALSE='#'
ENABLE_WEBP_TRUE=''
ENABLE_WEBSOCKETS_FALSE='#'
ENABLE_WEBSOCKETS_TRUE=''
ENABLE_WINSOCK_FALSE=''
ENABLE_WINSOCK_TRUE='#'
ETAGS='etags'
EXEEXT=''
FGREP='/usr/bin/grep -F'
FILECMD='file'
FREERDP2_PLUGIN_DIR='/usr/lib/x86_64-linux-gnu/freerdp2'
GREP='/usr/bin/grep'
INSTALL_DATA='${INSTALL} -m 644'
INSTALL_PROGRAM='${INSTALL}'
INSTALL_SCRIPT='${INSTALL}'
INSTALL_STRIP_PROGRAM='$(install_sh) -c -s'
JPEG_LIBS='-ljpeg'
LD='/usr/bin/ld -m elf_x86_64'
LDFLAGS=''
LIBGUAC_CLIENT_KUBERNETES_INCLUDE='-I$(top_srcdir)/src/protocols/kubernetes'
LIBGUAC_CLIENT_KUBERNETES_LTLIB='$(top_builddir)/src/protocols/kubernetes/libguac-client-kubernetes.la'
LIBGUAC_CLIENT_RDP_INCLUDE='-I$(top_srcdir)/src/protocols/rdp'
LIBGUAC_CLIENT_RDP_LTLIB='$(top_builddir)/src/protocols/rdp/libguac-client-rdp.la'
LIBGUAC_INCLUDE='-I$(top_srcdir)/src/libguac'
LIBGUAC_LTLIB='$(top_builddir)/src/libguac/libguac.la'
LIBOBJS=''
LIBS=''
LIBTOOL='$(SHELL) $(top_builddir)/libtool'
LIPO=''
LN_S='ln -s'
LTLIBOBJS=''
LT_SYS_LIBRARY_PATH=''
MAKEINFO='${SHELL} '\''/home/ubuntu/guacamole/guacamole-server-1.5.5/build-aux/missing'\'' makeinfo'
MANIFEST_TOOL=':'
MATH_LIBS='-lm'
MKDIR_P='/usr/bin/mkdir -p'
NM='/usr/bin/nm -B'
NMEDIT=''
OBJDUMP='objdump'
OBJEXT='o'
OTOOL64=''
OTOOL=''
PACKAGE='guacamole-server'
PACKAGE_BUGREPORT=''
PACKAGE_NAME='guacamole-server'
PACKAGE_STRING='guacamole-server 1.5.5'
PACKAGE_TARNAME='guacamole-server'
PACKAGE_URL=''
PACKAGE_VERSION='1.5.5'
PANGOCAIRO_CFLAGS='-pthread -I/usr/include/pango-1.0 -I/usr/include/harfbuzz -I/usr/include/pango-1.0 -I/usr/include/libmount -I/usr/include/blkid -I/usr/include/fribidi -I/usr/include/harfbuzz -I/usr/include/cairo -I/usr/include/glib-2.0 -I/usr/lib/x86_64-linux-gnu/glib-2.0/include -I/usr/include/pixman-1 -I/usr/include/uuid -I/usr/include/freetype2 -I/usr/include/libpng16'
PANGOCAIRO_LIBS='-lpangocairo-1.0 -lpango-1.0 -lgobject-2.0 -lglib-2.0 -lharfbuzz -lcairo'
PANGO_CFLAGS='-pthread -I/usr/include/pango-1.0 -I/usr/include/libmount -I/usr/include/blkid -I/usr/include/fribidi -I/usr/include/cairo -I/usr/include/pixman-1 -I/usr/include/uuid -I/usr/include/harfbuzz -I/usr/include/glib-2.0 -I/usr/lib/x86_64-linux-gnu/glib-2.0/include -I/usr/include/freetype2 -I/usr/include/libpng16'
PANGO_LIBS='-lpango-1.0 -lgobject-2.0 -lglib-2.0 -lharfbuzz'
PATH_SEPARATOR=':'
PKG_CONFIG='/usr/bin/pkg-config'
PKG_CONFIG_LIBDIR=''
PKG_CONFIG_PATH=''
PNG_LIBS='-lpng'
PTHREAD_LIBS='-lpthread'
PULSE_INCLUDE='-I$(top_srcdir)/src/pulse'
PULSE_LIBS=' -lpulse'
PULSE_LTLIB='$(top_builddir)/src/pulse/libguac_pulse.la'
RANLIB='ranlib'
RDP_CFLAGS='-I/usr/include/freerdp2/ -I/usr/include/winpr2'
RDP_LIBS='-lfreerdp2 -lfreerdp-client2 -lwinpr2'
RT_LIBS=''
SED='/usr/bin/sed'
SET_MAKE=''
SHELL='/bin/bash'
SSH_LIBS=' -lssh2'
SSL_LIBS=' -lssl -lcrypto'
STRIP='strip'
SWSCALE_CFLAGS='-I/usr/include/x86_64-linux-gnu'
SWSCALE_LIBS='-lswscale'
TELNET_LIBS=' -ltelnet'
TERMINAL_INCLUDE='-I$(top_srcdir)/src/terminal $(PANGO_CFLAGS) $(PANGOCAIRO_CFLAGS) $(COMMON_INCLUDE)'
TERMINAL_LTLIB='$(top_builddir)/src/terminal/libguac-terminal.la'
UUID_LIBS='-luuid'
VERSION='1.5.5'
VNC_LIBS=' -lvncclient'
VORBIS_LIBS=' -logg -lvorbis -lvorbisenc'
WEBP_LIBS=' -lwebp'
WEBSOCKETS_LIBS=' -lwebsockets'
WINSOCK_LIBS=''
ac_ct_AR='ar'
ac_ct_CC='gcc'
ac_ct_DUMPBIN=''
am__EXEEXT_FALSE=''
am__EXEEXT_TRUE='#'
am__fastdepCC_FALSE='#'
am__fastdepCC_TRUE=''
am__include='include'
am__isrc=''
am__leading_dot='.'
am__nodep='_no'
am__quote=''
am__tar='$${TAR-tar} chof - "$$tardir"'
am__untar='$${TAR-tar} xf -'
bindir='${exec_prefix}/bin'
build='x86_64-pc-linux-gnu'
build_alias=''
build_cpu='x86_64'
build_os='linux-gnu'
build_vendor='pc'
datadir='${datarootdir}'
datarootdir='${prefix}/share'
docdir='${datarootdir}/doc/${PACKAGE_TARNAME}'
dvidir='${docdir}'
exec_prefix='${prefix}'
host='x86_64-pc-linux-gnu'
host_alias=''
host_cpu='x86_64'
host_os='linux-gnu'
host_vendor='pc'
htmldir='${docdir}'
includedir='${prefix}/include'
infodir='${datarootdir}/info'
init_dir=''
install_sh='${SHELL} /home/ubuntu/guacamole/guacamole-server-1.5.5/build-aux/install-sh'
libdir='${exec_prefix}/lib'
libexecdir='${exec_prefix}/libexec'
localedir='${datarootdir}/locale'
localstatedir='${prefix}/var'
mandir='${datarootdir}/man'
mkdir_p='$(MKDIR_P)'
oldincludedir='/usr/include'
pdfdir='${docdir}'
prefix='/usr/local'
program_transform_name='s,x,x,'
psdir='${docdir}'
runstatedir='${localstatedir}/run'
sbindir='${exec_prefix}/sbin'
sharedstatedir='${prefix}/com'
sysconfdir='${prefix}/etc'
systemd_dir=''
target_alias=''

## ----------- ##
## confdefs.h. ##
## ----------- ##

/* confdefs.h */
#define PACKAGE_NAME "guacamole-server"
#define PACKAGE_TARNAME "guacamole-server"
#define PACKAGE_VERSION "1.5.5"
#define PACKAGE_STRING "guacamole-server 1.5.5"
#define PACKAGE_BUGREPORT ""
#define PACKAGE_URL ""
#define PACKAGE "guacamole-server"
#define VERSION "1.5.5"
#define HAVE_STDIO_H 1
#define HAVE_STDLIB_H 1
#define HAVE_STRING_H 1
#define HAVE_INTTYPES_H 1
#define HAVE_STDINT_H 1
#define HAVE_STRINGS_H 1
#define HAVE_SYS_STAT_H 1
#define HAVE_SYS_TYPES_H 1
#define HAVE_UNISTD_H 1
#define STDC_HEADERS 1
#define HAVE_DLFCN_H 1
#define LT_OBJDIR ".libs/"
#define HAVE_FCNTL_H 1
#define HAVE_STDLIB_H 1
#define HAVE_STRING_H 1
#define HAVE_SYS_SOCKET_H 1
#define HAVE_TIME_H 1
#define HAVE_SYS_TIME_H 1
#define HAVE_SYSLOG_H 1
#define HAVE_UNISTD_H 1
#define HAVE_CAIRO_CAIRO_H 1
#define _XOPEN_SOURCE 700
#define __BSD_VISIBLE 1
#define HAVE_LIBPTHREAD /**/
#define HAVE_LIBUUID /**/
#define HAVE_CLOCK_GETTIME 1
#define HAVE_GETTIMEOFDAY 1
#define HAVE_MEMMOVE 1
#define HAVE_MEMSET 1
#define HAVE_SELECT 1
#define HAVE_STRDUP 1
#define HAVE_NANOSLEEP 1
#define HAVE_PNG_GET_IO_PTR /**/
#define HAVE_CAIRO_FORMAT_STRIDE_FOR_WIDTH /**/
#define HAVE_POLL /**/
#define GUACD_CONF_FILE "/etc/guacamole/guacd.conf"
#define ENABLE_SSL /**/
#define ENABLE_OGG /**/
#define ENABLE_PULSE /**/
#define HAVE_RFBCLIENT_DESTHOST 1
#define HAVE_RFBCLIENT_DESTPORT 1
#define ENABLE_VNC_REPEATER /**/
#define ENABLE_VNC_LISTEN /**/
#define HAVE_RFBCLIENT_LOCKWRITETOTLS 1
#define HAVE_RFBCLIENT_UNLOCKWRITETOTLS 1
#define ENABLE_VNC_TLS_LOCKING /**/
#define HAVE_RFBCLIENT_GETCREDENTIAL 1
#define ENABLE_VNC_GENERIC_CREDENTIALS /**/
#define HAVE_FREERDPCONVERTCOLOR /**/
#define FREERDP_GLYPH_CALLBACKS_ACCEPT_INT32 /**/
#define FREERDP_CLIPRDR_CALLBACKS_REQUIRE_CONST /**/
#define FREERDP_RAIL_CALLBACKS_REQUIRE_CONST /**/
#define HAVE_RDPSETTINGS_ALLOWUNANOUNCEDORDERSFROMSERVER 1
#define HAVE_FREERDP_VERIFYCERTIFICATEEX 1
#define ENABLE_COMMON_SSH /**/
#define ENABLE_WEBP /**/
#define HAVE_LWS_CALLBACK_CLIENT_CLOSED /**/
#define HAVE_LWS_SERVER_OPTION_DO_SSL_GLOBAL_INIT /**/
#define HAVE_LCCSCF_USE_SSL /**/
#define HAVE_LWS_CALLBACK_HTTP_DUMMY /**/

configure: exit 0
